20:16:43:825  INFO 45580 --- [main] com.hmall.cart.CartApplication           : Starting CartApplication using Java 11.0.23 on X-PC with PID 45580 (E:\JavaLearn\JavaProjects\hmall\cart-service\target\classes started by 29199 in E:\JavaLearn\JavaProjects\hmall)
20:16:43:826 DEBUG 45580 --- [main] com.hmall.cart.CartApplication           : Running with Spring Boot v2.7.12, Spring v5.3.27
20:16:43:826  INFO 45580 --- [main] com.hmall.cart.CartApplication           : The following 1 profile is active: "local"
20:16:44:241  INFO 45580 --- [main] o.s.cloud.context.scope.GenericScope     : BeanFactory id=fc602238-e515-3b8e-9ec1-b876eb04d044
20:16:44:375  INFO 45580 --- [main] o.s.b.w.embedded.tomcat.TomcatWebServer  : Tomcat initialized with port(s): 8082 (http)
20:16:44:379  INFO 45580 --- [main] o.apache.catalina.core.StandardService   : Starting service [Tomcat]
20:16:44:379  INFO 45580 --- [main] org.apache.catalina.core.StandardEngine  : Starting Servlet engine: [Apache Tomcat/9.0.75]
20:16:44:429  INFO 45580 --- [main] o.a.c.c.C.[Tomcat].[localhost].[/]       : Initializing Spring embedded WebApplicationContext
20:16:44:430  INFO 45580 --- [main] w.s.c.ServletWebServerApplicationContext : Root WebApplicationContext: initialization completed in 587 ms
20:16:44:497  INFO 45580 --- [main] o.s.c.openfeign.FeignClientFactoryBean   : For 'item-service' URL not provided. Will try picking an instance via load-balancing.
20:16:45:326  INFO 45580 --- [main] pertySourcedRequestMappingHandlerMapping : Mapped URL path [/v2/api-docs] onto method [springfox.documentation.swagger2.web.Swagger2ControllerWebMvc#getDocumentation(String, HttpServletRequest)]
20:16:45:552  INFO 45580 --- [main] com.alibaba.nacos.common.remote.client   : [RpcClientFactory] create a new rpc client of 6e22aea8-e70b-4da4-8ab4-18d66cdd9959
20:16:45:570  INFO 45580 --- [main] org.reflections.Reflections              : Reflections took 11 ms to scan 1 urls, producing 3 keys and 6 values 
20:16:45:583  INFO 45580 --- [main] org.reflections.Reflections              : Reflections took 5 ms to scan 1 urls, producing 4 keys and 9 values 
20:16:45:588  INFO 45580 --- [main] org.reflections.Reflections              : Reflections took 4 ms to scan 1 urls, producing 3 keys and 10 values 
20:16:45:590  WARN 45580 --- [main] org.reflections.Reflections              : given scan urls are empty. set urls in the configuration
20:16:45:595  INFO 45580 --- [main] org.reflections.Reflections              : Reflections took 5 ms to scan 1 urls, producing 1 keys and 5 values 
20:16:45:609  INFO 45580 --- [main] org.reflections.Reflections              : Reflections took 13 ms to scan 1 urls, producing 1 keys and 7 values 
20:16:45:615  INFO 45580 --- [main] org.reflections.Reflections              : Reflections took 5 ms to scan 1 urls, producing 2 keys and 8 values 
20:16:45:616  WARN 45580 --- [main] org.reflections.Reflections              : given scan urls are empty. set urls in the configuration
20:16:45:617  INFO 45580 --- [main] com.alibaba.nacos.common.remote.client   : [6e22aea8-e70b-4da4-8ab4-18d66cdd9959] RpcClient init label, labels = {module=naming, source=sdk}
20:16:45:617  INFO 45580 --- [main] com.alibaba.nacos.common.remote.client   : [6e22aea8-e70b-4da4-8ab4-18d66cdd9959] RpcClient init, ServerListFactory = com.alibaba.nacos.client.naming.core.ServerListManager
20:16:45:617  INFO 45580 --- [main] com.alibaba.nacos.common.remote.client   : [6e22aea8-e70b-4da4-8ab4-18d66cdd9959] Registry connection listener to current client:com.alibaba.nacos.client.naming.remote.gprc.redo.NamingGrpcRedoService
20:16:45:618  INFO 45580 --- [main] com.alibaba.nacos.common.remote.client   : [6e22aea8-e70b-4da4-8ab4-18d66cdd9959] Register server push request handler:com.alibaba.nacos.client.naming.remote.gprc.NamingPushRequestHandler
20:16:45:618  INFO 45580 --- [main] com.alibaba.nacos.common.remote.client   : [6e22aea8-e70b-4da4-8ab4-18d66cdd9959] Try to connect to server on start up, server: {serverIp = '119.91.58.34', server main port = 8848}
20:16:46:495  INFO 45580 --- [main] com.alibaba.nacos.common.remote.client   : [6e22aea8-e70b-4da4-8ab4-18d66cdd9959] Success to connect to server [119.91.58.34:8848] on start up, connectionId = 1723033006621_210.34.59.68_58220
20:16:46:496  INFO 45580 --- [main] com.alibaba.nacos.common.remote.client   : [6e22aea8-e70b-4da4-8ab4-18d66cdd9959] Register server push request handler:com.alibaba.nacos.common.remote.client.RpcClient$ConnectResetRequestHandler
20:16:46:495  INFO 45580 --- [com.alibaba.nacos.client.remote.worker] com.alibaba.nacos.common.remote.client   : [6e22aea8-e70b-4da4-8ab4-18d66cdd9959] Notify connected event to listeners.
20:16:46:498  INFO 45580 --- [main] com.alibaba.nacos.common.remote.client   : [6e22aea8-e70b-4da4-8ab4-18d66cdd9959] Register server push request handler:com.alibaba.nacos.common.remote.client.RpcClient$$Lambda$991/0x000000080071e040
20:16:46:578  INFO 45580 --- [main] o.s.b.w.embedded.tomcat.TomcatWebServer  : Tomcat started on port(s): 8082 (http) with context path ''
20:16:46:634  INFO 45580 --- [main] c.a.c.n.registry.NacosServiceRegistry    : nacos registry, DEFAULT_GROUP cart-service 192.168.232.1:8082 register finished
20:16:46:768  INFO 45580 --- [main] d.s.w.p.DocumentationPluginsBootstrapper : Documentation plugins bootstrapped
20:16:46:770  INFO 45580 --- [main] d.s.w.p.DocumentationPluginsBootstrapper : Found 1 custom documentation plugin(s)
20:16:46:781  INFO 45580 --- [main] s.d.s.w.s.ApiListingReferenceScanner     : Scanning for api listing references
20:16:46:850  INFO 45580 --- [main] com.hmall.cart.CartApplication           : Started CartApplication in 3.378 seconds (JVM running for 3.771)
20:16:47:145  INFO 45580 --- [nacos-grpc-client-executor-7] com.alibaba.nacos.common.remote.client   : [6e22aea8-e70b-4da4-8ab4-18d66cdd9959] Receive server push request, request = NotifySubscriberRequest, requestId = 323
20:16:47:155  INFO 45580 --- [nacos-grpc-client-executor-7] com.alibaba.nacos.common.remote.client   : [6e22aea8-e70b-4da4-8ab4-18d66cdd9959] Ack server push request, request = NotifySubscriberRequest, requestId = 323
20:18:20:385  WARN 45580 --- [Thread-7] c.a.n.common.http.HttpClientBeanHolder   : [HttpClientBeanHolder] Start destroying common HttpClient
20:18:20:385  WARN 45580 --- [Thread-4] c.a.nacos.common.notify.NotifyCenter     : [NotifyCenter] Start destroying Publisher
20:18:20:385  WARN 45580 --- [Thread-4] c.a.nacos.common.notify.NotifyCenter     : [NotifyCenter] Destruction of the end
20:18:20:385  WARN 45580 --- [Thread-7] c.a.n.common.http.HttpClientBeanHolder   : [HttpClientBeanHolder] Destruction of the end
20:18:20:795  INFO 45580 --- [SpringApplicationShutdownHook] c.a.c.n.registry.NacosServiceRegistry    : De-registering from Nacos Server now...
20:18:20:855  INFO 45580 --- [SpringApplicationShutdownHook] c.a.c.n.registry.NacosServiceRegistry    : De-registration finished.
20:18:21:166  INFO 45580 --- [SpringApplicationShutdownHook] com.alibaba.nacos.common.remote.client   : Shutdown rpc client, set status to shutdown
20:18:21:166  INFO 45580 --- [SpringApplicationShutdownHook] com.alibaba.nacos.common.remote.client   : Shutdown client event executor java.util.concurrent.ScheduledThreadPoolExecutor@4487e2d3[Running, pool size = 2, active threads = 2, queued tasks = 0, completed tasks = 0]
20:18:21:166  INFO 45580 --- [SpringApplicationShutdownHook] com.alibaba.nacos.common.remote.client   : Close current connection 1723033006621_210.34.59.68_58220
20:18:21:166  INFO 45580 --- [SpringApplicationShutdownHook] c.a.n.c.remote.client.grpc.GrpcClient    : Shutdown grpc executor java.util.concurrent.ThreadPoolExecutor@12a0806c[Running, pool size = 4, active threads = 0, queued tasks = 0, completed tasks = 31]
21:25:59:492  INFO 25620 --- [main] com.hmall.cart.CartApplication           : Starting CartApplication using Java 11.0.23 on X-PC with PID 25620 (E:\JavaLearn\JavaProjects\hmall\cart-service\target\classes started by 29199 in E:\JavaLearn\JavaProjects\hmall)
21:25:59:493 DEBUG 25620 --- [main] com.hmall.cart.CartApplication           : Running with Spring Boot v2.7.12, Spring v5.3.27
21:25:59:494  INFO 25620 --- [main] com.hmall.cart.CartApplication           : The following 1 profile is active: "local"
21:26:00:094  INFO 25620 --- [main] o.s.cloud.context.scope.GenericScope     : BeanFactory id=d8064b99-13e5-35e9-a99b-1e3028e52e60
21:26:00:237  INFO 25620 --- [main] o.s.b.w.embedded.tomcat.TomcatWebServer  : Tomcat initialized with port(s): 8082 (http)
21:26:00:242  INFO 25620 --- [main] o.apache.catalina.core.StandardService   : Starting service [Tomcat]
21:26:00:242  INFO 25620 --- [main] org.apache.catalina.core.StandardEngine  : Starting Servlet engine: [Apache Tomcat/9.0.75]
21:26:00:377  INFO 25620 --- [main] o.a.c.c.C.[Tomcat].[localhost].[/]       : Initializing Spring embedded WebApplicationContext
21:26:00:377  INFO 25620 --- [main] w.s.c.ServletWebServerApplicationContext : Root WebApplicationContext: initialization completed in 855 ms
21:26:00:548  INFO 25620 --- [main] o.s.c.openfeign.FeignClientFactoryBean   : For 'item-service' URL not provided. Will try picking an instance via load-balancing.
21:26:02:554  INFO 25620 --- [main] o.s.cloud.commons.util.InetUtils         : Cannot determine local hostname
21:26:02:566  INFO 25620 --- [main] pertySourcedRequestMappingHandlerMapping : Mapped URL path [/v2/api-docs] onto method [springfox.documentation.swagger2.web.Swagger2ControllerWebMvc#getDocumentation(String, HttpServletRequest)]
21:26:03:735  INFO 25620 --- [main] o.s.cloud.commons.util.InetUtils         : Cannot determine local hostname
21:26:03:845  INFO 25620 --- [main] com.alibaba.nacos.common.remote.client   : [RpcClientFactory] create a new rpc client of 8c64fda3-cc0c-4a42-80d6-a73ff8e6f9f3
21:26:03:869  INFO 25620 --- [main] org.reflections.Reflections              : Reflections took 14 ms to scan 1 urls, producing 3 keys and 6 values 
21:26:03:886  INFO 25620 --- [main] org.reflections.Reflections              : Reflections took 6 ms to scan 1 urls, producing 4 keys and 9 values 
21:26:03:892  INFO 25620 --- [main] org.reflections.Reflections              : Reflections took 5 ms to scan 1 urls, producing 3 keys and 10 values 
21:26:03:894  WARN 25620 --- [main] org.reflections.Reflections              : given scan urls are empty. set urls in the configuration
21:26:03:898  INFO 25620 --- [main] org.reflections.Reflections              : Reflections took 4 ms to scan 1 urls, producing 1 keys and 5 values 
21:26:03:904  INFO 25620 --- [main] org.reflections.Reflections              : Reflections took 5 ms to scan 1 urls, producing 1 keys and 7 values 
21:26:03:910  INFO 25620 --- [main] org.reflections.Reflections              : Reflections took 5 ms to scan 1 urls, producing 2 keys and 8 values 
21:26:03:912  WARN 25620 --- [main] org.reflections.Reflections              : given scan urls are empty. set urls in the configuration
21:26:03:912  INFO 25620 --- [main] com.alibaba.nacos.common.remote.client   : [8c64fda3-cc0c-4a42-80d6-a73ff8e6f9f3] RpcClient init label, labels = {module=naming, source=sdk}
21:26:03:914  INFO 25620 --- [main] com.alibaba.nacos.common.remote.client   : [8c64fda3-cc0c-4a42-80d6-a73ff8e6f9f3] RpcClient init, ServerListFactory = com.alibaba.nacos.client.naming.core.ServerListManager
21:26:03:914  INFO 25620 --- [main] com.alibaba.nacos.common.remote.client   : [8c64fda3-cc0c-4a42-80d6-a73ff8e6f9f3] Registry connection listener to current client:com.alibaba.nacos.client.naming.remote.gprc.redo.NamingGrpcRedoService
21:26:03:914  INFO 25620 --- [main] com.alibaba.nacos.common.remote.client   : [8c64fda3-cc0c-4a42-80d6-a73ff8e6f9f3] Register server push request handler:com.alibaba.nacos.client.naming.remote.gprc.NamingPushRequestHandler
21:26:03:915  INFO 25620 --- [main] com.alibaba.nacos.common.remote.client   : [8c64fda3-cc0c-4a42-80d6-a73ff8e6f9f3] Try to connect to server on start up, server: {serverIp = '119.91.58.34', server main port = 8848}
21:26:04:821  INFO 25620 --- [main] com.alibaba.nacos.common.remote.client   : [8c64fda3-cc0c-4a42-80d6-a73ff8e6f9f3] Success to connect to server [119.91.58.34:8848] on start up, connectionId = 1723037165005_210.34.59.68_53979
21:26:04:821  INFO 25620 --- [main] com.alibaba.nacos.common.remote.client   : [8c64fda3-cc0c-4a42-80d6-a73ff8e6f9f3] Register server push request handler:com.alibaba.nacos.common.remote.client.RpcClient$ConnectResetRequestHandler
21:26:04:822  INFO 25620 --- [main] com.alibaba.nacos.common.remote.client   : [8c64fda3-cc0c-4a42-80d6-a73ff8e6f9f3] Register server push request handler:com.alibaba.nacos.common.remote.client.RpcClient$$Lambda$991/0x000000080071e040
21:26:04:821  INFO 25620 --- [com.alibaba.nacos.client.remote.worker] com.alibaba.nacos.common.remote.client   : [8c64fda3-cc0c-4a42-80d6-a73ff8e6f9f3] Notify connected event to listeners.
21:26:04:910  INFO 25620 --- [main] o.s.b.w.embedded.tomcat.TomcatWebServer  : Tomcat started on port(s): 8082 (http) with context path ''
21:26:04:963  INFO 25620 --- [main] c.a.c.n.registry.NacosServiceRegistry    : nacos registry, DEFAULT_GROUP cart-service 192.168.232.1:8082 register finished
21:26:05:481  INFO 25620 --- [nacos-grpc-client-executor-7] com.alibaba.nacos.common.remote.client   : [8c64fda3-cc0c-4a42-80d6-a73ff8e6f9f3] Receive server push request, request = NotifySubscriberRequest, requestId = 347
21:26:05:491  INFO 25620 --- [nacos-grpc-client-executor-7] com.alibaba.nacos.common.remote.client   : [8c64fda3-cc0c-4a42-80d6-a73ff8e6f9f3] Ack server push request, request = NotifySubscriberRequest, requestId = 347
21:26:06:162  INFO 25620 --- [main] o.s.cloud.commons.util.InetUtils         : Cannot determine local hostname
21:26:06:162  INFO 25620 --- [main] d.s.w.p.DocumentationPluginsBootstrapper : Documentation plugins bootstrapped
21:26:06:165  INFO 25620 --- [main] d.s.w.p.DocumentationPluginsBootstrapper : Found 1 custom documentation plugin(s)
21:26:06:178  INFO 25620 --- [main] s.d.s.w.s.ApiListingReferenceScanner     : Scanning for api listing references
21:26:06:225  INFO 25620 --- [main] com.hmall.cart.CartApplication           : Started CartApplication in 8.176 seconds (JVM running for 8.561)
21:28:08:148  WARN 25620 --- [Thread-4] c.a.nacos.common.notify.NotifyCenter     : [NotifyCenter] Start destroying Publisher
21:28:08:148  WARN 25620 --- [Thread-4] c.a.nacos.common.notify.NotifyCenter     : [NotifyCenter] Destruction of the end
21:28:08:148  WARN 25620 --- [Thread-7] c.a.n.common.http.HttpClientBeanHolder   : [HttpClientBeanHolder] Start destroying common HttpClient
21:28:08:148  WARN 25620 --- [Thread-7] c.a.n.common.http.HttpClientBeanHolder   : [HttpClientBeanHolder] Destruction of the end
21:28:08:481  INFO 25620 --- [SpringApplicationShutdownHook] c.a.c.n.registry.NacosServiceRegistry    : De-registering from Nacos Server now...
21:28:08:529  INFO 25620 --- [SpringApplicationShutdownHook] c.a.c.n.registry.NacosServiceRegistry    : De-registration finished.
21:28:08:863  INFO 25620 --- [SpringApplicationShutdownHook] com.alibaba.nacos.common.remote.client   : Shutdown rpc client, set status to shutdown
21:28:08:863  INFO 25620 --- [SpringApplicationShutdownHook] com.alibaba.nacos.common.remote.client   : Shutdown client event executor java.util.concurrent.ScheduledThreadPoolExecutor@61beb5ff[Running, pool size = 2, active threads = 2, queued tasks = 0, completed tasks = 0]
21:28:08:863  INFO 25620 --- [SpringApplicationShutdownHook] com.alibaba.nacos.common.remote.client   : Close current connection 1723037165005_210.34.59.68_53979
21:28:08:865  INFO 25620 --- [SpringApplicationShutdownHook] c.a.n.c.remote.client.grpc.GrpcClient    : Shutdown grpc executor java.util.concurrent.ThreadPoolExecutor@7e8a114e[Running, pool size = 5, active threads = 0, queued tasks = 0, completed tasks = 37]
