20:16:34:977  INFO 26948 --- [main] com.hmall.trade.TradeApplication         : Starting TradeApplication using Java 11.0.23 on X-PC with PID 26948 (E:\JavaLearn\JavaProjects\hmall\trade-service\target\classes started by 29199 in E:\JavaLearn\JavaProjects\hmall)
20:16:34:978 DEBUG 26948 --- [main] com.hmall.trade.TradeApplication         : Running with Spring Boot v2.7.12, Spring v5.3.27
20:16:34:978  INFO 26948 --- [main] com.hmall.trade.TradeApplication         : The following 1 profile is active: "local"
20:16:35:347  INFO 26948 --- [main] o.s.cloud.context.scope.GenericScope     : BeanFactory id=5b4d23fd-9bc3-3c58-804c-823bbd5f2d8a
20:16:35:483  INFO 26948 --- [main] o.s.b.w.embedded.tomcat.TomcatWebServer  : Tomcat initialized with port(s): 8085 (http)
20:16:35:487  INFO 26948 --- [main] o.apache.catalina.core.StandardService   : Starting service [Tomcat]
20:16:35:487  INFO 26948 --- [main] org.apache.catalina.core.StandardEngine  : Starting Servlet engine: [Apache Tomcat/9.0.75]
20:16:35:537  INFO 26948 --- [main] o.a.c.c.C.[Tomcat].[localhost].[/]       : Initializing Spring embedded WebApplicationContext
20:16:35:537  INFO 26948 --- [main] w.s.c.ServletWebServerApplicationContext : Root WebApplicationContext: initialization completed in 543 ms
20:16:35:995  INFO 26948 --- [main] o.s.c.openfeign.FeignClientFactoryBean   : For 'item-service' URL not provided. Will try picking an instance via load-balancing.
20:16:36:013  INFO 26948 --- [main] o.s.c.openfeign.FeignClientFactoryBean   : For 'client-service' URL not provided. Will try picking an instance via load-balancing.
20:16:36:300  INFO 26948 --- [main] pertySourcedRequestMappingHandlerMapping : Mapped URL path [/v2/api-docs] onto method [springfox.documentation.swagger2.web.Swagger2ControllerWebMvc#getDocumentation(String, HttpServletRequest)]
20:16:36:494  INFO 26948 --- [main] com.alibaba.nacos.common.remote.client   : [RpcClientFactory] create a new rpc client of 67e50141-f177-42c4-a38e-46b3ea4097d9
20:16:36:510  INFO 26948 --- [main] org.reflections.Reflections              : Reflections took 9 ms to scan 1 urls, producing 3 keys and 6 values 
20:16:36:520  INFO 26948 --- [main] org.reflections.Reflections              : Reflections took 5 ms to scan 1 urls, producing 4 keys and 9 values 
20:16:36:525  INFO 26948 --- [main] org.reflections.Reflections              : Reflections took 4 ms to scan 1 urls, producing 3 keys and 10 values 
20:16:36:526  WARN 26948 --- [main] org.reflections.Reflections              : given scan urls are empty. set urls in the configuration
20:16:36:530  INFO 26948 --- [main] org.reflections.Reflections              : Reflections took 3 ms to scan 1 urls, producing 1 keys and 5 values 
20:16:36:533  INFO 26948 --- [main] org.reflections.Reflections              : Reflections took 3 ms to scan 1 urls, producing 1 keys and 7 values 
20:16:36:537  INFO 26948 --- [main] org.reflections.Reflections              : Reflections took 3 ms to scan 1 urls, producing 2 keys and 8 values 
20:16:36:538  WARN 26948 --- [main] org.reflections.Reflections              : given scan urls are empty. set urls in the configuration
20:16:36:538  INFO 26948 --- [main] com.alibaba.nacos.common.remote.client   : [67e50141-f177-42c4-a38e-46b3ea4097d9] RpcClient init label, labels = {module=naming, source=sdk}
20:16:36:539  INFO 26948 --- [main] com.alibaba.nacos.common.remote.client   : [67e50141-f177-42c4-a38e-46b3ea4097d9] RpcClient init, ServerListFactory = com.alibaba.nacos.client.naming.core.ServerListManager
20:16:36:539  INFO 26948 --- [main] com.alibaba.nacos.common.remote.client   : [67e50141-f177-42c4-a38e-46b3ea4097d9] Registry connection listener to current client:com.alibaba.nacos.client.naming.remote.gprc.redo.NamingGrpcRedoService
20:16:36:539  INFO 26948 --- [main] com.alibaba.nacos.common.remote.client   : [67e50141-f177-42c4-a38e-46b3ea4097d9] Register server push request handler:com.alibaba.nacos.client.naming.remote.gprc.NamingPushRequestHandler
20:16:36:540  INFO 26948 --- [main] com.alibaba.nacos.common.remote.client   : [67e50141-f177-42c4-a38e-46b3ea4097d9] Try to connect to server on start up, server: {serverIp = '119.91.58.34', server main port = 8848}
20:16:37:282  INFO 26948 --- [main] com.alibaba.nacos.common.remote.client   : [67e50141-f177-42c4-a38e-46b3ea4097d9] Success to connect to server [119.91.58.34:8848] on start up, connectionId = 1723032997415_210.34.59.68_57914
20:16:37:283  INFO 26948 --- [main] com.alibaba.nacos.common.remote.client   : [67e50141-f177-42c4-a38e-46b3ea4097d9] Register server push request handler:com.alibaba.nacos.common.remote.client.RpcClient$ConnectResetRequestHandler
20:16:37:282  INFO 26948 --- [com.alibaba.nacos.client.remote.worker] com.alibaba.nacos.common.remote.client   : [67e50141-f177-42c4-a38e-46b3ea4097d9] Notify connected event to listeners.
20:16:37:284  INFO 26948 --- [main] com.alibaba.nacos.common.remote.client   : [67e50141-f177-42c4-a38e-46b3ea4097d9] Register server push request handler:com.alibaba.nacos.common.remote.client.RpcClient$$Lambda$976/0x000000080069b040
20:16:37:432  INFO 26948 --- [main] o.s.b.w.embedded.tomcat.TomcatWebServer  : Tomcat started on port(s): 8085 (http) with context path ''
20:16:37:486  INFO 26948 --- [main] c.a.c.n.registry.NacosServiceRegistry    : nacos registry, DEFAULT_GROUP trade-service 192.168.232.1:8085 register finished
20:16:37:605  INFO 26948 --- [main] d.s.w.p.DocumentationPluginsBootstrapper : Documentation plugins bootstrapped
20:16:37:617  INFO 26948 --- [main] d.s.w.p.DocumentationPluginsBootstrapper : Found 1 custom documentation plugin(s)
20:16:37:630  INFO 26948 --- [main] s.d.s.w.s.ApiListingReferenceScanner     : Scanning for api listing references
20:16:37:663  INFO 26948 --- [main] com.hmall.trade.TradeApplication         : Started TradeApplication in 3.02 seconds (JVM running for 3.361)
20:16:37:932  INFO 26948 --- [nacos-grpc-client-executor-8] com.alibaba.nacos.common.remote.client   : [67e50141-f177-42c4-a38e-46b3ea4097d9] Receive server push request, request = NotifySubscriberRequest, requestId = 321
20:16:37:943  INFO 26948 --- [nacos-grpc-client-executor-8] com.alibaba.nacos.common.remote.client   : [67e50141-f177-42c4-a38e-46b3ea4097d9] Ack server push request, request = NotifySubscriberRequest, requestId = 321
20:17:05:566  INFO 26948 --- [http-nio-8085-exec-1] o.a.c.c.C.[Tomcat].[localhost].[/]       : Initializing Spring DispatcherServlet 'dispatcherServlet'
20:17:05:566  INFO 26948 --- [http-nio-8085-exec-1] o.s.web.servlet.DispatcherServlet        : Initializing Servlet 'dispatcherServlet'
20:17:05:566  INFO 26948 --- [http-nio-8085-exec-1] o.s.web.servlet.DispatcherServlet        : Completed initialization in 0 ms
20:17:47:785  INFO 26948 --- [http-nio-8085-exec-5] com.zaxxer.hikari.HikariDataSource       : HikariPool-1 - Starting...
20:17:51:141  INFO 26948 --- [http-nio-8085-exec-5] com.zaxxer.hikari.HikariDataSource       : HikariPool-1 - Start completed.
20:17:51:147 DEBUG 26948 --- [http-nio-8085-exec-5] c.h.trade.mapper.OrderMapper.selectById  : ==>  Preparing: SELECT id,total_fee,payment_type,user_id,status,create_time,pay_time,consign_time,end_time,close_time,comment_time,update_time FROM `order` WHERE id=?
20:17:51:159 DEBUG 26948 --- [http-nio-8085-exec-5] c.h.trade.mapper.OrderMapper.selectById  : ==> Parameters: 1654782927348740097(Long)
20:17:51:220 DEBUG 26948 --- [http-nio-8085-exec-5] c.h.trade.mapper.OrderMapper.selectById  : <==      Total: 1
20:18:20:425  WARN 26948 --- [Thread-7] c.a.n.common.http.HttpClientBeanHolder   : [HttpClientBeanHolder] Start destroying common HttpClient
20:18:20:425  WARN 26948 --- [Thread-7] c.a.n.common.http.HttpClientBeanHolder   : [HttpClientBeanHolder] Destruction of the end
20:18:20:425  WARN 26948 --- [Thread-4] c.a.nacos.common.notify.NotifyCenter     : [NotifyCenter] Start destroying Publisher
20:18:20:425  WARN 26948 --- [Thread-4] c.a.nacos.common.notify.NotifyCenter     : [NotifyCenter] Destruction of the end
20:18:20:685  INFO 26948 --- [SpringApplicationShutdownHook] c.a.c.n.registry.NacosServiceRegistry    : De-registering from Nacos Server now...
20:18:20:845  INFO 26948 --- [SpringApplicationShutdownHook] c.a.c.n.registry.NacosServiceRegistry    : De-registration finished.
20:18:21:166  INFO 26948 --- [SpringApplicationShutdownHook] com.alibaba.nacos.common.remote.client   : Shutdown rpc client, set status to shutdown
20:18:21:166  INFO 26948 --- [SpringApplicationShutdownHook] com.alibaba.nacos.common.remote.client   : Shutdown client event executor java.util.concurrent.ScheduledThreadPoolExecutor@72d0b955[Running, pool size = 2, active threads = 2, queued tasks = 0, completed tasks = 0]
20:18:21:166  INFO 26948 --- [SpringApplicationShutdownHook] com.alibaba.nacos.common.remote.client   : Close current connection 1723032997415_210.34.59.68_57914
20:18:21:166  INFO 26948 --- [SpringApplicationShutdownHook] c.a.n.c.remote.client.grpc.GrpcClient    : Shutdown grpc executor java.util.concurrent.ThreadPoolExecutor@2e3e981[Running, pool size = 5, active threads = 0, queued tasks = 0, completed tasks = 32]
20:18:21:176  INFO 26948 --- [SpringApplicationShutdownHook] com.zaxxer.hikari.HikariDataSource       : HikariPool-1 - Shutdown initiated...
20:18:23:458  INFO 26948 --- [SpringApplicationShutdownHook] com.zaxxer.hikari.HikariDataSource       : HikariPool-1 - Shutdown completed.
20:40:21:741  INFO 29864 --- [main] com.hmall.trade.TradeApplication         : Starting TradeApplication using Java 11.0.23 on X-PC with PID 29864 (E:\JavaLearn\JavaProjects\hmall\trade-service\target\classes started by 29199 in E:\JavaLearn\JavaProjects\hmall)
20:40:21:742 DEBUG 29864 --- [main] com.hmall.trade.TradeApplication         : Running with Spring Boot v2.7.12, Spring v5.3.27
20:40:21:742  INFO 29864 --- [main] com.hmall.trade.TradeApplication         : The following 1 profile is active: "local"
20:40:22:122  INFO 29864 --- [main] o.s.cloud.context.scope.GenericScope     : BeanFactory id=a7159567-8191-318a-93f2-73d1e895fb87
20:40:22:243  INFO 29864 --- [main] o.s.b.w.embedded.tomcat.TomcatWebServer  : Tomcat initialized with port(s): 8085 (http)
20:40:22:246  INFO 29864 --- [main] o.apache.catalina.core.StandardService   : Starting service [Tomcat]
20:40:22:246  INFO 29864 --- [main] org.apache.catalina.core.StandardEngine  : Starting Servlet engine: [Apache Tomcat/9.0.75]
20:40:22:301  INFO 29864 --- [main] o.a.c.c.C.[Tomcat].[localhost].[/]       : Initializing Spring embedded WebApplicationContext
20:40:22:301  INFO 29864 --- [main] w.s.c.ServletWebServerApplicationContext : Root WebApplicationContext: initialization completed in 545 ms
20:40:22:820  INFO 29864 --- [main] o.s.c.openfeign.FeignClientFactoryBean   : For 'item-service' URL not provided. Will try picking an instance via load-balancing.
20:40:22:838  INFO 29864 --- [main] o.s.c.openfeign.FeignClientFactoryBean   : For 'client-service' URL not provided. Will try picking an instance via load-balancing.
20:40:24:144  INFO 29864 --- [main] o.s.cloud.commons.util.InetUtils         : Cannot determine local hostname
20:40:24:157  INFO 29864 --- [main] pertySourcedRequestMappingHandlerMapping : Mapped URL path [/v2/api-docs] onto method [springfox.documentation.swagger2.web.Swagger2ControllerWebMvc#getDocumentation(String, HttpServletRequest)]
20:40:25:422  INFO 29864 --- [main] o.s.cloud.commons.util.InetUtils         : Cannot determine local hostname
20:40:25:484  INFO 29864 --- [main] com.alibaba.nacos.common.remote.client   : [RpcClientFactory] create a new rpc client of de6ccf4e-964d-4857-bceb-81d676a3a11f
20:40:25:499  INFO 29864 --- [main] org.reflections.Reflections              : Reflections took 8 ms to scan 1 urls, producing 3 keys and 6 values 
20:40:25:507  INFO 29864 --- [main] org.reflections.Reflections              : Reflections took 4 ms to scan 1 urls, producing 4 keys and 9 values 
20:40:25:511  INFO 29864 --- [main] org.reflections.Reflections              : Reflections took 3 ms to scan 1 urls, producing 3 keys and 10 values 
20:40:25:512  WARN 29864 --- [main] org.reflections.Reflections              : given scan urls are empty. set urls in the configuration
20:40:25:515  INFO 29864 --- [main] org.reflections.Reflections              : Reflections took 3 ms to scan 1 urls, producing 1 keys and 5 values 
20:40:25:519  INFO 29864 --- [main] org.reflections.Reflections              : Reflections took 3 ms to scan 1 urls, producing 1 keys and 7 values 
20:40:25:524  INFO 29864 --- [main] org.reflections.Reflections              : Reflections took 3 ms to scan 1 urls, producing 2 keys and 8 values 
20:40:25:524  WARN 29864 --- [main] org.reflections.Reflections              : given scan urls are empty. set urls in the configuration
20:40:25:525  INFO 29864 --- [main] com.alibaba.nacos.common.remote.client   : [de6ccf4e-964d-4857-bceb-81d676a3a11f] RpcClient init label, labels = {module=naming, source=sdk}
20:40:25:525  INFO 29864 --- [main] com.alibaba.nacos.common.remote.client   : [de6ccf4e-964d-4857-bceb-81d676a3a11f] RpcClient init, ServerListFactory = com.alibaba.nacos.client.naming.core.ServerListManager
20:40:25:525  INFO 29864 --- [main] com.alibaba.nacos.common.remote.client   : [de6ccf4e-964d-4857-bceb-81d676a3a11f] Registry connection listener to current client:com.alibaba.nacos.client.naming.remote.gprc.redo.NamingGrpcRedoService
20:40:25:526  INFO 29864 --- [main] com.alibaba.nacos.common.remote.client   : [de6ccf4e-964d-4857-bceb-81d676a3a11f] Register server push request handler:com.alibaba.nacos.client.naming.remote.gprc.NamingPushRequestHandler
20:40:25:526  INFO 29864 --- [main] com.alibaba.nacos.common.remote.client   : [de6ccf4e-964d-4857-bceb-81d676a3a11f] Try to connect to server on start up, server: {serverIp = '119.91.58.34', server main port = 8848}
20:40:26:273  INFO 29864 --- [main] com.alibaba.nacos.common.remote.client   : [de6ccf4e-964d-4857-bceb-81d676a3a11f] Success to connect to server [119.91.58.34:8848] on start up, connectionId = 1723034426432_210.34.59.68_61129
20:40:26:273  INFO 29864 --- [main] com.alibaba.nacos.common.remote.client   : [de6ccf4e-964d-4857-bceb-81d676a3a11f] Register server push request handler:com.alibaba.nacos.common.remote.client.RpcClient$ConnectResetRequestHandler
20:40:26:274  INFO 29864 --- [main] com.alibaba.nacos.common.remote.client   : [de6ccf4e-964d-4857-bceb-81d676a3a11f] Register server push request handler:com.alibaba.nacos.common.remote.client.RpcClient$$Lambda$976/0x000000080069b040
20:40:26:273  INFO 29864 --- [com.alibaba.nacos.client.remote.worker] com.alibaba.nacos.common.remote.client   : [de6ccf4e-964d-4857-bceb-81d676a3a11f] Notify connected event to listeners.
20:40:26:354  INFO 29864 --- [main] o.s.b.w.embedded.tomcat.TomcatWebServer  : Tomcat started on port(s): 8085 (http) with context path ''
20:40:26:405  INFO 29864 --- [main] c.a.c.n.registry.NacosServiceRegistry    : nacos registry, DEFAULT_GROUP trade-service 192.168.232.1:8085 register finished
20:40:26:896  INFO 29864 --- [nacos-grpc-client-executor-8] com.alibaba.nacos.common.remote.client   : [de6ccf4e-964d-4857-bceb-81d676a3a11f] Receive server push request, request = NotifySubscriberRequest, requestId = 336
20:40:26:902  INFO 29864 --- [nacos-grpc-client-executor-8] com.alibaba.nacos.common.remote.client   : [de6ccf4e-964d-4857-bceb-81d676a3a11f] Ack server push request, request = NotifySubscriberRequest, requestId = 336
20:40:27:585  INFO 29864 --- [main] o.s.cloud.commons.util.InetUtils         : Cannot determine local hostname
20:40:27:585  INFO 29864 --- [main] d.s.w.p.DocumentationPluginsBootstrapper : Documentation plugins bootstrapped
20:40:27:587  INFO 29864 --- [main] d.s.w.p.DocumentationPluginsBootstrapper : Found 1 custom documentation plugin(s)
20:40:27:596  INFO 29864 --- [main] s.d.s.w.s.ApiListingReferenceScanner     : Scanning for api listing references
20:40:27:629  INFO 29864 --- [main] com.hmall.trade.TradeApplication         : Started TradeApplication in 7.224 seconds (JVM running for 7.587)
20:48:11:549  WARN 29864 --- [Thread-7] c.a.n.common.http.HttpClientBeanHolder   : [HttpClientBeanHolder] Start destroying common HttpClient
20:48:11:549  WARN 29864 --- [Thread-4] c.a.nacos.common.notify.NotifyCenter     : [NotifyCenter] Start destroying Publisher
20:48:11:549  WARN 29864 --- [Thread-4] c.a.nacos.common.notify.NotifyCenter     : [NotifyCenter] Destruction of the end
20:48:11:549  WARN 29864 --- [Thread-7] c.a.n.common.http.HttpClientBeanHolder   : [HttpClientBeanHolder] Destruction of the end
20:48:11:752  INFO 29864 --- [SpringApplicationShutdownHook] c.a.c.n.registry.NacosServiceRegistry    : De-registering from Nacos Server now...
20:48:11:801  INFO 29864 --- [SpringApplicationShutdownHook] c.a.c.n.registry.NacosServiceRegistry    : De-registration finished.
20:48:12:131  INFO 29864 --- [SpringApplicationShutdownHook] com.alibaba.nacos.common.remote.client   : Shutdown rpc client, set status to shutdown
20:48:12:132  INFO 29864 --- [SpringApplicationShutdownHook] com.alibaba.nacos.common.remote.client   : Shutdown client event executor java.util.concurrent.ScheduledThreadPoolExecutor@7e317121[Running, pool size = 2, active threads = 2, queued tasks = 0, completed tasks = 0]
20:48:12:132  INFO 29864 --- [SpringApplicationShutdownHook] com.alibaba.nacos.common.remote.client   : Close current connection 1723034426432_210.34.59.68_61129
20:48:12:134  INFO 29864 --- [SpringApplicationShutdownHook] c.a.n.c.remote.client.grpc.GrpcClient    : Shutdown grpc executor java.util.concurrent.ThreadPoolExecutor@352ab10e[Running, pool size = 4, active threads = 0, queued tasks = 0, completed tasks = 107]
21:26:05:225  INFO 39028 --- [main] com.hmall.trade.TradeApplication         : Starting TradeApplication using Java 11.0.23 on X-PC with PID 39028 (E:\JavaLearn\JavaProjects\hmall\trade-service\target\classes started by 29199 in E:\JavaLearn\JavaProjects\hmall)
21:26:05:227 DEBUG 39028 --- [main] com.hmall.trade.TradeApplication         : Running with Spring Boot v2.7.12, Spring v5.3.27
21:26:05:227  INFO 39028 --- [main] com.hmall.trade.TradeApplication         : The following 1 profile is active: "local"
21:26:05:827  INFO 39028 --- [main] o.s.cloud.context.scope.GenericScope     : BeanFactory id=a7159567-8191-318a-93f2-73d1e895fb87
21:26:06:033  INFO 39028 --- [main] o.s.b.w.embedded.tomcat.TomcatWebServer  : Tomcat initialized with port(s): 8085 (http)
21:26:06:037  INFO 39028 --- [main] o.apache.catalina.core.StandardService   : Starting service [Tomcat]
21:26:06:037  INFO 39028 --- [main] org.apache.catalina.core.StandardEngine  : Starting Servlet engine: [Apache Tomcat/9.0.75]
21:26:06:105  INFO 39028 --- [main] o.a.c.c.C.[Tomcat].[localhost].[/]       : Initializing Spring embedded WebApplicationContext
21:26:06:105  INFO 39028 --- [main] w.s.c.ServletWebServerApplicationContext : Root WebApplicationContext: initialization completed in 845 ms
21:26:06:713  INFO 39028 --- [main] o.s.c.openfeign.FeignClientFactoryBean   : For 'item-service' URL not provided. Will try picking an instance via load-balancing.
21:26:06:734  INFO 39028 --- [main] o.s.c.openfeign.FeignClientFactoryBean   : For 'client-service' URL not provided. Will try picking an instance via load-balancing.
21:26:08:230  INFO 39028 --- [main] o.s.cloud.commons.util.InetUtils         : Cannot determine local hostname
21:26:08:241  INFO 39028 --- [main] pertySourcedRequestMappingHandlerMapping : Mapped URL path [/v2/api-docs] onto method [springfox.documentation.swagger2.web.Swagger2ControllerWebMvc#getDocumentation(String, HttpServletRequest)]
21:26:09:431  INFO 39028 --- [main] o.s.cloud.commons.util.InetUtils         : Cannot determine local hostname
21:26:09:565  INFO 39028 --- [main] com.alibaba.nacos.common.remote.client   : [RpcClientFactory] create a new rpc client of f149abe9-0b53-452b-ac29-e2393731356b
21:26:09:622  INFO 39028 --- [main] org.reflections.Reflections              : Reflections took 44 ms to scan 1 urls, producing 3 keys and 6 values 
21:26:09:632  INFO 39028 --- [main] org.reflections.Reflections              : Reflections took 4 ms to scan 1 urls, producing 4 keys and 9 values 
21:26:09:640  INFO 39028 --- [main] org.reflections.Reflections              : Reflections took 6 ms to scan 1 urls, producing 3 keys and 10 values 
21:26:09:643  WARN 39028 --- [main] org.reflections.Reflections              : given scan urls are empty. set urls in the configuration
21:26:09:647  INFO 39028 --- [main] org.reflections.Reflections              : Reflections took 4 ms to scan 1 urls, producing 1 keys and 5 values 
21:26:09:656  INFO 39028 --- [main] org.reflections.Reflections              : Reflections took 8 ms to scan 1 urls, producing 1 keys and 7 values 
21:26:09:660  INFO 39028 --- [main] org.reflections.Reflections              : Reflections took 3 ms to scan 1 urls, producing 2 keys and 8 values 
21:26:09:660  WARN 39028 --- [main] org.reflections.Reflections              : given scan urls are empty. set urls in the configuration
21:26:09:661  INFO 39028 --- [main] com.alibaba.nacos.common.remote.client   : [f149abe9-0b53-452b-ac29-e2393731356b] RpcClient init label, labels = {module=naming, source=sdk}
21:26:09:661  INFO 39028 --- [main] com.alibaba.nacos.common.remote.client   : [f149abe9-0b53-452b-ac29-e2393731356b] RpcClient init, ServerListFactory = com.alibaba.nacos.client.naming.core.ServerListManager
21:26:09:662  INFO 39028 --- [main] com.alibaba.nacos.common.remote.client   : [f149abe9-0b53-452b-ac29-e2393731356b] Registry connection listener to current client:com.alibaba.nacos.client.naming.remote.gprc.redo.NamingGrpcRedoService
21:26:09:662  INFO 39028 --- [main] com.alibaba.nacos.common.remote.client   : [f149abe9-0b53-452b-ac29-e2393731356b] Register server push request handler:com.alibaba.nacos.client.naming.remote.gprc.NamingPushRequestHandler
21:26:09:663  INFO 39028 --- [main] com.alibaba.nacos.common.remote.client   : [f149abe9-0b53-452b-ac29-e2393731356b] Try to connect to server on start up, server: {serverIp = '119.91.58.34', server main port = 8848}
21:26:10:585  INFO 39028 --- [main] com.alibaba.nacos.common.remote.client   : [f149abe9-0b53-452b-ac29-e2393731356b] Success to connect to server [119.91.58.34:8848] on start up, connectionId = 1723037170768_210.34.59.68_54379
21:26:10:585  INFO 39028 --- [com.alibaba.nacos.client.remote.worker] com.alibaba.nacos.common.remote.client   : [f149abe9-0b53-452b-ac29-e2393731356b] Notify connected event to listeners.
21:26:10:587  INFO 39028 --- [main] com.alibaba.nacos.common.remote.client   : [f149abe9-0b53-452b-ac29-e2393731356b] Register server push request handler:com.alibaba.nacos.common.remote.client.RpcClient$ConnectResetRequestHandler
21:26:10:588  INFO 39028 --- [main] com.alibaba.nacos.common.remote.client   : [f149abe9-0b53-452b-ac29-e2393731356b] Register server push request handler:com.alibaba.nacos.common.remote.client.RpcClient$$Lambda$976/0x000000080069b040
21:26:10:675  INFO 39028 --- [main] o.s.b.w.embedded.tomcat.TomcatWebServer  : Tomcat started on port(s): 8085 (http) with context path ''
21:26:10:757  INFO 39028 --- [main] c.a.c.n.registry.NacosServiceRegistry    : nacos registry, DEFAULT_GROUP trade-service 192.168.232.1:8085 register finished
21:26:11:189  INFO 39028 --- [nacos-grpc-client-executor-8] com.alibaba.nacos.common.remote.client   : [f149abe9-0b53-452b-ac29-e2393731356b] Receive server push request, request = NotifySubscriberRequest, requestId = 350
21:26:11:194  INFO 39028 --- [nacos-grpc-client-executor-8] com.alibaba.nacos.common.remote.client   : [f149abe9-0b53-452b-ac29-e2393731356b] Ack server push request, request = NotifySubscriberRequest, requestId = 350
21:26:11:962  INFO 39028 --- [main] o.s.cloud.commons.util.InetUtils         : Cannot determine local hostname
21:26:11:962  INFO 39028 --- [main] d.s.w.p.DocumentationPluginsBootstrapper : Documentation plugins bootstrapped
21:26:11:965  INFO 39028 --- [main] d.s.w.p.DocumentationPluginsBootstrapper : Found 1 custom documentation plugin(s)
21:26:11:975  INFO 39028 --- [main] s.d.s.w.s.ApiListingReferenceScanner     : Scanning for api listing references
21:26:12:007  INFO 39028 --- [main] com.hmall.trade.TradeApplication         : Started TradeApplication in 8.276 seconds (JVM running for 8.822)
21:28:08:184  WARN 39028 --- [Thread-7] c.a.n.common.http.HttpClientBeanHolder   : [HttpClientBeanHolder] Start destroying common HttpClient
21:28:08:186  WARN 39028 --- [Thread-4] c.a.nacos.common.notify.NotifyCenter     : [NotifyCenter] Start destroying Publisher
21:28:08:186  WARN 39028 --- [Thread-4] c.a.nacos.common.notify.NotifyCenter     : [NotifyCenter] Destruction of the end
21:28:08:186  WARN 39028 --- [Thread-7] c.a.n.common.http.HttpClientBeanHolder   : [HttpClientBeanHolder] Destruction of the end
21:28:08:519  INFO 39028 --- [SpringApplicationShutdownHook] c.a.c.n.registry.NacosServiceRegistry    : De-registering from Nacos Server now...
21:28:08:568  INFO 39028 --- [SpringApplicationShutdownHook] c.a.c.n.registry.NacosServiceRegistry    : De-registration finished.
21:28:08:894  INFO 39028 --- [SpringApplicationShutdownHook] com.alibaba.nacos.common.remote.client   : Shutdown rpc client, set status to shutdown
21:28:08:894  INFO 39028 --- [SpringApplicationShutdownHook] com.alibaba.nacos.common.remote.client   : Shutdown client event executor java.util.concurrent.ScheduledThreadPoolExecutor@547092d[Running, pool size = 2, active threads = 2, queued tasks = 0, completed tasks = 0]
21:28:08:894  INFO 39028 --- [SpringApplicationShutdownHook] com.alibaba.nacos.common.remote.client   : Close current connection 1723037170768_210.34.59.68_54379
21:28:08:896  INFO 39028 --- [SpringApplicationShutdownHook] c.a.n.c.remote.client.grpc.GrpcClient    : Shutdown grpc executor java.util.concurrent.ThreadPoolExecutor@43981092[Running, pool size = 4, active threads = 0, queued tasks = 0, completed tasks = 36]
