17:51:23:871  INFO 44288 --- [main] com.hmall.item.ItemApplication           : Starting ItemApplication using Java 11.0.23 on X-PC with PID 44288 (E:\JavaLearn\JavaProjects\hmall\item-service\target\classes started by 29199 in E:\JavaLearn\JavaProjects\hmall)
17:51:23:873 DEBUG 44288 --- [main] com.hmall.item.ItemApplication           : Running with Spring Boot v2.7.12, Spring v5.3.27
17:51:23:873  INFO 44288 --- [main] com.hmall.item.ItemApplication           : The following 1 profile is active: "local"
17:51:24:235  INFO 44288 --- [main] o.s.cloud.context.scope.GenericScope     : BeanFactory id=34af7032-8c77-341e-ba46-07b62f1fe288
17:51:24:369  INFO 44288 --- [main] o.s.b.w.embedded.tomcat.TomcatWebServer  : Tomcat initialized with port(s): 8083 (http)
17:51:24:374  INFO 44288 --- [main] o.apache.catalina.core.StandardService   : Starting service [Tomcat]
17:51:24:374  INFO 44288 --- [main] org.apache.catalina.core.StandardEngine  : Starting Servlet engine: [Apache Tomcat/9.0.75]
17:51:24:415  INFO 44288 --- [main] o.a.c.c.C.[Tomcat].[localhost].[/]       : Initializing Spring embedded WebApplicationContext
17:51:24:415  INFO 44288 --- [main] w.s.c.ServletWebServerApplicationContext : Root WebApplicationContext: initialization completed in 527 ms
17:51:25:110  INFO 44288 --- [main] pertySourcedRequestMappingHandlerMapping : Mapped URL path [/v2/api-docs] onto method [springfox.documentation.swagger2.web.Swagger2ControllerWebMvc#getDocumentation(String, HttpServletRequest)]
17:51:25:301  INFO 44288 --- [main] com.alibaba.nacos.common.remote.client   : [RpcClientFactory] create a new rpc client of a110d900-d346-4173-aec0-855ac2d82a9a
17:51:25:319  INFO 44288 --- [main] org.reflections.Reflections              : Reflections took 10 ms to scan 1 urls, producing 3 keys and 6 values 
17:51:25:332  INFO 44288 --- [main] org.reflections.Reflections              : Reflections took 6 ms to scan 1 urls, producing 4 keys and 9 values 
17:51:25:338  INFO 44288 --- [main] org.reflections.Reflections              : Reflections took 4 ms to scan 1 urls, producing 3 keys and 10 values 
17:51:25:339  WARN 44288 --- [main] org.reflections.Reflections              : given scan urls are empty. set urls in the configuration
17:51:25:344  INFO 44288 --- [main] org.reflections.Reflections              : Reflections took 5 ms to scan 1 urls, producing 1 keys and 5 values 
17:51:25:350  INFO 44288 --- [main] org.reflections.Reflections              : Reflections took 5 ms to scan 1 urls, producing 1 keys and 7 values 
17:51:25:356  INFO 44288 --- [main] org.reflections.Reflections              : Reflections took 4 ms to scan 1 urls, producing 2 keys and 8 values 
17:51:25:356  WARN 44288 --- [main] org.reflections.Reflections              : given scan urls are empty. set urls in the configuration
17:51:25:357  INFO 44288 --- [main] com.alibaba.nacos.common.remote.client   : [a110d900-d346-4173-aec0-855ac2d82a9a] RpcClient init label, labels = {module=naming, source=sdk}
17:51:25:358  INFO 44288 --- [main] com.alibaba.nacos.common.remote.client   : [a110d900-d346-4173-aec0-855ac2d82a9a] RpcClient init, ServerListFactory = com.alibaba.nacos.client.naming.core.ServerListManager
17:51:25:358  INFO 44288 --- [main] com.alibaba.nacos.common.remote.client   : [a110d900-d346-4173-aec0-855ac2d82a9a] Registry connection listener to current client:com.alibaba.nacos.client.naming.remote.gprc.redo.NamingGrpcRedoService
17:51:25:358  INFO 44288 --- [main] com.alibaba.nacos.common.remote.client   : [a110d900-d346-4173-aec0-855ac2d82a9a] Register server push request handler:com.alibaba.nacos.client.naming.remote.gprc.NamingPushRequestHandler
17:51:25:359  INFO 44288 --- [main] com.alibaba.nacos.common.remote.client   : [a110d900-d346-4173-aec0-855ac2d82a9a] Try to connect to server on start up, server: {serverIp = '119.91.58.34', server main port = 8848}
17:51:26:123  INFO 44288 --- [main] com.alibaba.nacos.common.remote.client   : [a110d900-d346-4173-aec0-855ac2d82a9a] Success to connect to server [119.91.58.34:8848] on start up, connectionId = 1723024287272_210.34.59.68_49910
17:51:26:125  INFO 44288 --- [main] com.alibaba.nacos.common.remote.client   : [a110d900-d346-4173-aec0-855ac2d82a9a] Register server push request handler:com.alibaba.nacos.common.remote.client.RpcClient$ConnectResetRequestHandler
17:51:26:124  INFO 44288 --- [com.alibaba.nacos.client.remote.worker] com.alibaba.nacos.common.remote.client   : [a110d900-d346-4173-aec0-855ac2d82a9a] Notify connected event to listeners.
17:51:26:126  INFO 44288 --- [main] com.alibaba.nacos.common.remote.client   : [a110d900-d346-4173-aec0-855ac2d82a9a] Register server push request handler:com.alibaba.nacos.common.remote.client.RpcClient$$Lambda$903/0x00000008006c7840
17:51:26:216  INFO 44288 --- [main] o.s.b.w.embedded.tomcat.TomcatWebServer  : Tomcat started on port(s): 8083 (http) with context path ''
17:51:26:270  INFO 44288 --- [main] c.a.c.n.registry.NacosServiceRegistry    : nacos registry, DEFAULT_GROUP item-service 192.168.232.1:8083 register finished
17:51:26:444  INFO 44288 --- [main] d.s.w.p.DocumentationPluginsBootstrapper : Documentation plugins bootstrapped
17:51:26:446  INFO 44288 --- [main] d.s.w.p.DocumentationPluginsBootstrapper : Found 1 custom documentation plugin(s)
17:51:26:461  INFO 44288 --- [main] s.d.s.w.s.ApiListingReferenceScanner     : Scanning for api listing references
17:51:26:536  INFO 44288 --- [main] com.hmall.item.ItemApplication           : Started ItemApplication in 3.002 seconds (JVM running for 3.369)
17:51:26:709  INFO 44288 --- [nacos-grpc-client-executor-7] com.alibaba.nacos.common.remote.client   : [a110d900-d346-4173-aec0-855ac2d82a9a] Receive server push request, request = NotifySubscriberRequest, requestId = 314
17:51:26:716  INFO 44288 --- [nacos-grpc-client-executor-7] com.alibaba.nacos.common.remote.client   : [a110d900-d346-4173-aec0-855ac2d82a9a] Ack server push request, request = NotifySubscriberRequest, requestId = 314
17:51:33:069  WARN 44288 --- [Thread-4] c.a.nacos.common.notify.NotifyCenter     : [NotifyCenter] Start destroying Publisher
17:51:33:070  WARN 44288 --- [Thread-4] c.a.nacos.common.notify.NotifyCenter     : [NotifyCenter] Destruction of the end
17:51:33:070  WARN 44288 --- [Thread-7] c.a.n.common.http.HttpClientBeanHolder   : [HttpClientBeanHolder] Start destroying common HttpClient
17:51:33:070  WARN 44288 --- [Thread-7] c.a.n.common.http.HttpClientBeanHolder   : [HttpClientBeanHolder] Destruction of the end
17:51:33:221  INFO 44288 --- [SpringApplicationShutdownHook] c.a.c.n.registry.NacosServiceRegistry    : De-registering from Nacos Server now...
17:51:33:282  INFO 44288 --- [SpringApplicationShutdownHook] c.a.c.n.registry.NacosServiceRegistry    : De-registration finished.
17:51:33:801  INFO 44288 --- [nacos-grpc-client-executor-11] com.alibaba.nacos.common.remote.client   : [a110d900-d346-4173-aec0-855ac2d82a9a] Receive server push request, request = NotifySubscriberRequest, requestId = 315
17:51:33:812  INFO 44288 --- [nacos-grpc-client-executor-11] com.alibaba.nacos.common.remote.client   : [a110d900-d346-4173-aec0-855ac2d82a9a] Ack server push request, request = NotifySubscriberRequest, requestId = 315
17:51:33:939  INFO 44288 --- [SpringApplicationShutdownHook] com.alibaba.nacos.common.remote.client   : Shutdown rpc client, set status to shutdown
17:51:33:939  INFO 44288 --- [SpringApplicationShutdownHook] com.alibaba.nacos.common.remote.client   : Shutdown client event executor java.util.concurrent.ScheduledThreadPoolExecutor@55024628[Running, pool size = 2, active threads = 2, queued tasks = 0, completed tasks = 0]
17:51:33:940  INFO 44288 --- [SpringApplicationShutdownHook] com.alibaba.nacos.common.remote.client   : Close current connection 1723024287272_210.34.59.68_49910
17:51:33:942  INFO 44288 --- [SpringApplicationShutdownHook] c.a.n.c.remote.client.grpc.GrpcClient    : Shutdown grpc executor java.util.concurrent.ThreadPoolExecutor@7a9c9940[Running, pool size = 12, active threads = 0, queued tasks = 0, completed tasks = 12]
20:16:41:342  INFO 45484 --- [main] com.hmall.item.ItemApplication           : Starting ItemApplication using Java 11.0.23 on X-PC with PID 45484 (E:\JavaLearn\JavaProjects\hmall\item-service\target\classes started by 29199 in E:\JavaLearn\JavaProjects\hmall)
20:16:41:344 DEBUG 45484 --- [main] com.hmall.item.ItemApplication           : Running with Spring Boot v2.7.12, Spring v5.3.27
20:16:41:344  INFO 45484 --- [main] com.hmall.item.ItemApplication           : The following 1 profile is active: "local"
20:16:41:716  INFO 45484 --- [main] o.s.cloud.context.scope.GenericScope     : BeanFactory id=5eb388d5-42d4-33f2-8739-bfbbfa837c75
20:16:41:855  INFO 45484 --- [main] o.s.b.w.embedded.tomcat.TomcatWebServer  : Tomcat initialized with port(s): 8081 (http)
20:16:41:859  INFO 45484 --- [main] o.apache.catalina.core.StandardService   : Starting service [Tomcat]
20:16:41:859  INFO 45484 --- [main] org.apache.catalina.core.StandardEngine  : Starting Servlet engine: [Apache Tomcat/9.0.75]
20:16:41:915  INFO 45484 --- [main] o.a.c.c.C.[Tomcat].[localhost].[/]       : Initializing Spring embedded WebApplicationContext
20:16:41:915  INFO 45484 --- [main] w.s.c.ServletWebServerApplicationContext : Root WebApplicationContext: initialization completed in 551 ms
20:16:42:629  INFO 45484 --- [main] pertySourcedRequestMappingHandlerMapping : Mapped URL path [/v2/api-docs] onto method [springfox.documentation.swagger2.web.Swagger2ControllerWebMvc#getDocumentation(String, HttpServletRequest)]
20:16:42:845  INFO 45484 --- [main] com.alibaba.nacos.common.remote.client   : [RpcClientFactory] create a new rpc client of 0b09d08b-a226-4b4d-93a0-2c3f3bdd43d6
20:16:42:861  INFO 45484 --- [main] org.reflections.Reflections              : Reflections took 10 ms to scan 1 urls, producing 3 keys and 6 values 
20:16:42:871  INFO 45484 --- [main] org.reflections.Reflections              : Reflections took 4 ms to scan 1 urls, producing 4 keys and 9 values 
20:16:42:876  INFO 45484 --- [main] org.reflections.Reflections              : Reflections took 3 ms to scan 1 urls, producing 3 keys and 10 values 
20:16:42:876  WARN 45484 --- [main] org.reflections.Reflections              : given scan urls are empty. set urls in the configuration
20:16:42:880  INFO 45484 --- [main] org.reflections.Reflections              : Reflections took 3 ms to scan 1 urls, producing 1 keys and 5 values 
20:16:42:885  INFO 45484 --- [main] org.reflections.Reflections              : Reflections took 4 ms to scan 1 urls, producing 1 keys and 7 values 
20:16:42:889  INFO 45484 --- [main] org.reflections.Reflections              : Reflections took 3 ms to scan 1 urls, producing 2 keys and 8 values 
20:16:42:891  WARN 45484 --- [main] org.reflections.Reflections              : given scan urls are empty. set urls in the configuration
20:16:42:891  INFO 45484 --- [main] com.alibaba.nacos.common.remote.client   : [0b09d08b-a226-4b4d-93a0-2c3f3bdd43d6] RpcClient init label, labels = {module=naming, source=sdk}
20:16:42:892  INFO 45484 --- [main] com.alibaba.nacos.common.remote.client   : [0b09d08b-a226-4b4d-93a0-2c3f3bdd43d6] RpcClient init, ServerListFactory = com.alibaba.nacos.client.naming.core.ServerListManager
20:16:42:892  INFO 45484 --- [main] com.alibaba.nacos.common.remote.client   : [0b09d08b-a226-4b4d-93a0-2c3f3bdd43d6] Registry connection listener to current client:com.alibaba.nacos.client.naming.remote.gprc.redo.NamingGrpcRedoService
20:16:42:892  INFO 45484 --- [main] com.alibaba.nacos.common.remote.client   : [0b09d08b-a226-4b4d-93a0-2c3f3bdd43d6] Register server push request handler:com.alibaba.nacos.client.naming.remote.gprc.NamingPushRequestHandler
20:16:42:892  INFO 45484 --- [main] com.alibaba.nacos.common.remote.client   : [0b09d08b-a226-4b4d-93a0-2c3f3bdd43d6] Try to connect to server on start up, server: {serverIp = '119.91.58.34', server main port = 8848}
20:16:43:715  INFO 45484 --- [main] com.alibaba.nacos.common.remote.client   : [0b09d08b-a226-4b4d-93a0-2c3f3bdd43d6] Success to connect to server [119.91.58.34:8848] on start up, connectionId = 1723033003864_210.34.59.68_58073
20:16:43:715  INFO 45484 --- [com.alibaba.nacos.client.remote.worker] com.alibaba.nacos.common.remote.client   : [0b09d08b-a226-4b4d-93a0-2c3f3bdd43d6] Notify connected event to listeners.
20:16:43:715  INFO 45484 --- [main] com.alibaba.nacos.common.remote.client   : [0b09d08b-a226-4b4d-93a0-2c3f3bdd43d6] Register server push request handler:com.alibaba.nacos.common.remote.client.RpcClient$ConnectResetRequestHandler
20:16:43:717  INFO 45484 --- [main] com.alibaba.nacos.common.remote.client   : [0b09d08b-a226-4b4d-93a0-2c3f3bdd43d6] Register server push request handler:com.alibaba.nacos.common.remote.client.RpcClient$$Lambda$937/0x00000008006e7c40
20:16:43:798  INFO 45484 --- [main] o.s.b.w.embedded.tomcat.TomcatWebServer  : Tomcat started on port(s): 8081 (http) with context path ''
20:16:43:850  INFO 45484 --- [main] c.a.c.n.registry.NacosServiceRegistry    : nacos registry, DEFAULT_GROUP item-service 192.168.232.1:8081 register finished
20:16:44:010  INFO 45484 --- [main] d.s.w.p.DocumentationPluginsBootstrapper : Documentation plugins bootstrapped
20:16:44:012  INFO 45484 --- [main] d.s.w.p.DocumentationPluginsBootstrapper : Found 1 custom documentation plugin(s)
20:16:44:023  INFO 45484 --- [main] s.d.s.w.s.ApiListingReferenceScanner     : Scanning for api listing references
20:16:44:088  INFO 45484 --- [main] com.hmall.item.ItemApplication           : Started ItemApplication in 3.069 seconds (JVM running for 3.422)
20:16:44:331  INFO 45484 --- [nacos-grpc-client-executor-8] com.alibaba.nacos.common.remote.client   : [0b09d08b-a226-4b4d-93a0-2c3f3bdd43d6] Receive server push request, request = NotifySubscriberRequest, requestId = 322
20:16:44:339  INFO 45484 --- [nacos-grpc-client-executor-8] com.alibaba.nacos.common.remote.client   : [0b09d08b-a226-4b4d-93a0-2c3f3bdd43d6] Ack server push request, request = NotifySubscriberRequest, requestId = 322
20:16:46:265  INFO 35396 --- [main] com.hmall.item.ItemApplication           : Starting ItemApplication using Java 11.0.23 on X-PC with PID 35396 (E:\JavaLearn\JavaProjects\hmall\item-service\target\classes started by 29199 in E:\JavaLearn\JavaProjects\hmall)
20:16:46:265 DEBUG 35396 --- [main] com.hmall.item.ItemApplication           : Running with Spring Boot v2.7.12, Spring v5.3.27
20:16:46:266  INFO 35396 --- [main] com.hmall.item.ItemApplication           : The following 1 profile is active: "local"
20:16:46:660  INFO 35396 --- [main] o.s.cloud.context.scope.GenericScope     : BeanFactory id=5eb388d5-42d4-33f2-8739-bfbbfa837c75
20:16:46:846  INFO 35396 --- [main] o.s.b.w.embedded.tomcat.TomcatWebServer  : Tomcat initialized with port(s): 8083 (http)
20:16:46:851  INFO 35396 --- [main] o.apache.catalina.core.StandardService   : Starting service [Tomcat]
20:16:46:852  INFO 35396 --- [main] org.apache.catalina.core.StandardEngine  : Starting Servlet engine: [Apache Tomcat/9.0.75]
20:16:46:934  INFO 35396 --- [main] o.a.c.c.C.[Tomcat].[localhost].[/]       : Initializing Spring embedded WebApplicationContext
20:16:46:934  INFO 35396 --- [main] w.s.c.ServletWebServerApplicationContext : Root WebApplicationContext: initialization completed in 651 ms
20:16:47:793  INFO 35396 --- [main] pertySourcedRequestMappingHandlerMapping : Mapped URL path [/v2/api-docs] onto method [springfox.documentation.swagger2.web.Swagger2ControllerWebMvc#getDocumentation(String, HttpServletRequest)]
20:16:48:086  INFO 35396 --- [main] com.alibaba.nacos.common.remote.client   : [RpcClientFactory] create a new rpc client of 8eba3d34-7057-493b-8d1b-5bb564978fe8
20:16:48:124  INFO 35396 --- [main] org.reflections.Reflections              : Reflections took 23 ms to scan 1 urls, producing 3 keys and 6 values 
20:16:48:157  INFO 35396 --- [main] org.reflections.Reflections              : Reflections took 19 ms to scan 1 urls, producing 4 keys and 9 values 
20:16:48:178  INFO 35396 --- [main] org.reflections.Reflections              : Reflections took 19 ms to scan 1 urls, producing 3 keys and 10 values 
20:16:48:180  WARN 35396 --- [main] org.reflections.Reflections              : given scan urls are empty. set urls in the configuration
20:16:48:192  INFO 35396 --- [main] org.reflections.Reflections              : Reflections took 12 ms to scan 1 urls, producing 1 keys and 5 values 
20:16:48:208  INFO 35396 --- [main] org.reflections.Reflections              : Reflections took 14 ms to scan 1 urls, producing 1 keys and 7 values 
20:16:48:226  INFO 35396 --- [main] org.reflections.Reflections              : Reflections took 17 ms to scan 1 urls, producing 2 keys and 8 values 
20:16:48:229  WARN 35396 --- [main] org.reflections.Reflections              : given scan urls are empty. set urls in the configuration
20:16:48:229  INFO 35396 --- [main] com.alibaba.nacos.common.remote.client   : [8eba3d34-7057-493b-8d1b-5bb564978fe8] RpcClient init label, labels = {module=naming, source=sdk}
20:16:48:231  INFO 35396 --- [main] com.alibaba.nacos.common.remote.client   : [8eba3d34-7057-493b-8d1b-5bb564978fe8] RpcClient init, ServerListFactory = com.alibaba.nacos.client.naming.core.ServerListManager
20:16:48:231  INFO 35396 --- [main] com.alibaba.nacos.common.remote.client   : [8eba3d34-7057-493b-8d1b-5bb564978fe8] Registry connection listener to current client:com.alibaba.nacos.client.naming.remote.gprc.redo.NamingGrpcRedoService
20:16:48:232  INFO 35396 --- [main] com.alibaba.nacos.common.remote.client   : [8eba3d34-7057-493b-8d1b-5bb564978fe8] Register server push request handler:com.alibaba.nacos.client.naming.remote.gprc.NamingPushRequestHandler
20:16:48:233  INFO 35396 --- [main] com.alibaba.nacos.common.remote.client   : [8eba3d34-7057-493b-8d1b-5bb564978fe8] Try to connect to server on start up, server: {serverIp = '119.91.58.34', server main port = 8848}
20:16:49:230  INFO 35396 --- [main] com.alibaba.nacos.common.remote.client   : [8eba3d34-7057-493b-8d1b-5bb564978fe8] Success to connect to server [119.91.58.34:8848] on start up, connectionId = 1723033009349_210.34.59.68_58371
20:16:49:232  INFO 35396 --- [main] com.alibaba.nacos.common.remote.client   : [8eba3d34-7057-493b-8d1b-5bb564978fe8] Register server push request handler:com.alibaba.nacos.common.remote.client.RpcClient$ConnectResetRequestHandler
20:16:49:230  INFO 35396 --- [com.alibaba.nacos.client.remote.worker] com.alibaba.nacos.common.remote.client   : [8eba3d34-7057-493b-8d1b-5bb564978fe8] Notify connected event to listeners.
20:16:49:233  INFO 35396 --- [main] com.alibaba.nacos.common.remote.client   : [8eba3d34-7057-493b-8d1b-5bb564978fe8] Register server push request handler:com.alibaba.nacos.common.remote.client.RpcClient$$Lambda$937/0x00000008006e7c40
20:16:49:328  INFO 35396 --- [main] o.s.b.w.embedded.tomcat.TomcatWebServer  : Tomcat started on port(s): 8083 (http) with context path ''
20:16:49:378  INFO 35396 --- [main] c.a.c.n.registry.NacosServiceRegistry    : nacos registry, DEFAULT_GROUP item-service 192.168.232.1:8083 register finished
20:16:49:497  INFO 35396 --- [main] d.s.w.p.DocumentationPluginsBootstrapper : Documentation plugins bootstrapped
20:16:49:498  INFO 35396 --- [main] d.s.w.p.DocumentationPluginsBootstrapper : Found 1 custom documentation plugin(s)
20:16:49:510  INFO 35396 --- [main] s.d.s.w.s.ApiListingReferenceScanner     : Scanning for api listing references
20:16:49:621  INFO 35396 --- [main] com.hmall.item.ItemApplication           : Started ItemApplication in 3.74 seconds (JVM running for 4.128)
20:16:49:830  INFO 45484 --- [nacos-grpc-client-executor-10] com.alibaba.nacos.common.remote.client   : [0b09d08b-a226-4b4d-93a0-2c3f3bdd43d6] Receive server push request, request = NotifySubscriberRequest, requestId = 324
20:16:49:839  INFO 45484 --- [nacos-grpc-client-executor-10] com.alibaba.nacos.common.remote.client   : [0b09d08b-a226-4b4d-93a0-2c3f3bdd43d6] Ack server push request, request = NotifySubscriberRequest, requestId = 324
20:16:49:840  INFO 35396 --- [nacos-grpc-client-executor-9] com.alibaba.nacos.common.remote.client   : [8eba3d34-7057-493b-8d1b-5bb564978fe8] Receive server push request, request = NotifySubscriberRequest, requestId = 325
20:16:49:848  INFO 35396 --- [nacos-grpc-client-executor-9] com.alibaba.nacos.common.remote.client   : [8eba3d34-7057-493b-8d1b-5bb564978fe8] Ack server push request, request = NotifySubscriberRequest, requestId = 325
20:18:20:345  WARN 35396 --- [Thread-7] c.a.n.common.http.HttpClientBeanHolder   : [HttpClientBeanHolder] Start destroying common HttpClient
20:18:20:345  WARN 35396 --- [Thread-4] c.a.nacos.common.notify.NotifyCenter     : [NotifyCenter] Start destroying Publisher
20:18:20:345  WARN 35396 --- [Thread-4] c.a.nacos.common.notify.NotifyCenter     : [NotifyCenter] Destruction of the end
20:18:20:345  WARN 35396 --- [Thread-7] c.a.n.common.http.HttpClientBeanHolder   : [HttpClientBeanHolder] Destruction of the end
20:18:20:405  WARN 45484 --- [Thread-7] c.a.n.common.http.HttpClientBeanHolder   : [HttpClientBeanHolder] Start destroying common HttpClient
20:18:20:405  WARN 45484 --- [Thread-4] c.a.nacos.common.notify.NotifyCenter     : [NotifyCenter] Start destroying Publisher
20:18:20:405  WARN 45484 --- [Thread-7] c.a.n.common.http.HttpClientBeanHolder   : [HttpClientBeanHolder] Destruction of the end
20:18:20:405  WARN 45484 --- [Thread-4] c.a.nacos.common.notify.NotifyCenter     : [NotifyCenter] Destruction of the end
20:18:20:685  INFO 35396 --- [SpringApplicationShutdownHook] c.a.c.n.registry.NacosServiceRegistry    : De-registering from Nacos Server now...
20:18:20:795  INFO 45484 --- [SpringApplicationShutdownHook] c.a.c.n.registry.NacosServiceRegistry    : De-registering from Nacos Server now...
20:18:20:835  INFO 35396 --- [SpringApplicationShutdownHook] c.a.c.n.registry.NacosServiceRegistry    : De-registration finished.
20:18:20:845  INFO 45484 --- [SpringApplicationShutdownHook] c.a.c.n.registry.NacosServiceRegistry    : De-registration finished.
20:18:21:146  INFO 35396 --- [SpringApplicationShutdownHook] com.alibaba.nacos.common.remote.client   : Shutdown rpc client, set status to shutdown
20:18:21:146  INFO 35396 --- [SpringApplicationShutdownHook] com.alibaba.nacos.common.remote.client   : Shutdown client event executor java.util.concurrent.ScheduledThreadPoolExecutor@5e22959[Running, pool size = 2, active threads = 2, queued tasks = 0, completed tasks = 0]
20:18:21:146  INFO 35396 --- [SpringApplicationShutdownHook] com.alibaba.nacos.common.remote.client   : Close current connection 1723033009349_210.34.59.68_58371
20:18:21:146  INFO 35396 --- [SpringApplicationShutdownHook] c.a.n.c.remote.client.grpc.GrpcClient    : Shutdown grpc executor java.util.concurrent.ThreadPoolExecutor@3c8c8e6c[Running, pool size = 4, active threads = 0, queued tasks = 0, completed tasks = 32]
20:18:21:166  INFO 45484 --- [SpringApplicationShutdownHook] com.alibaba.nacos.common.remote.client   : Shutdown rpc client, set status to shutdown
20:18:21:166  INFO 45484 --- [SpringApplicationShutdownHook] com.alibaba.nacos.common.remote.client   : Shutdown client event executor java.util.concurrent.ScheduledThreadPoolExecutor@368ce8dd[Running, pool size = 2, active threads = 2, queued tasks = 0, completed tasks = 0]
20:18:21:166  INFO 45484 --- [SpringApplicationShutdownHook] com.alibaba.nacos.common.remote.client   : Close current connection 1723033003864_210.34.59.68_58073
20:18:21:166  INFO 45484 --- [SpringApplicationShutdownHook] c.a.n.c.remote.client.grpc.GrpcClient    : Shutdown grpc executor java.util.concurrent.ThreadPoolExecutor@3fc55da8[Running, pool size = 5, active threads = 0, queued tasks = 0, completed tasks = 31]
20:40:18:408  INFO 39076 --- [main] com.hmall.item.ItemApplication           : Starting ItemApplication using Java 11.0.23 on X-PC with PID 39076 (E:\JavaLearn\JavaProjects\hmall\item-service\target\classes started by 29199 in E:\JavaLearn\JavaProjects\hmall)
20:40:18:409 DEBUG 39076 --- [main] com.hmall.item.ItemApplication           : Running with Spring Boot v2.7.12, Spring v5.3.27
20:40:18:409  INFO 39076 --- [main] com.hmall.item.ItemApplication           : The following 1 profile is active: "local"
20:40:18:827  INFO 39076 --- [main] o.s.cloud.context.scope.GenericScope     : BeanFactory id=5eb388d5-42d4-33f2-8739-bfbbfa837c75
20:40:18:962  INFO 39076 --- [main] o.s.b.w.embedded.tomcat.TomcatWebServer  : Tomcat initialized with port(s): 8083 (http)
20:40:18:965  INFO 39076 --- [main] o.apache.catalina.core.StandardService   : Starting service [Tomcat]
20:40:18:965  INFO 39076 --- [main] org.apache.catalina.core.StandardEngine  : Starting Servlet engine: [Apache Tomcat/9.0.75]
20:40:19:015  INFO 39076 --- [main] o.a.c.c.C.[Tomcat].[localhost].[/]       : Initializing Spring embedded WebApplicationContext
20:40:19:016  INFO 39076 --- [main] w.s.c.ServletWebServerApplicationContext : Root WebApplicationContext: initialization completed in 592 ms
20:40:20:727  INFO 39076 --- [main] o.s.cloud.commons.util.InetUtils         : Cannot determine local hostname
20:40:20:737  INFO 39076 --- [main] pertySourcedRequestMappingHandlerMapping : Mapped URL path [/v2/api-docs] onto method [springfox.documentation.swagger2.web.Swagger2ControllerWebMvc#getDocumentation(String, HttpServletRequest)]
20:40:21:907  INFO 39076 --- [main] o.s.cloud.commons.util.InetUtils         : Cannot determine local hostname
20:40:21:980  INFO 39076 --- [main] com.alibaba.nacos.common.remote.client   : [RpcClientFactory] create a new rpc client of 36bac978-61e3-4ccf-bc5a-dd2fa69ced8c
20:40:21:997  INFO 39076 --- [main] org.reflections.Reflections              : Reflections took 8 ms to scan 1 urls, producing 3 keys and 6 values 
20:40:22:007  INFO 39076 --- [main] org.reflections.Reflections              : Reflections took 4 ms to scan 1 urls, producing 4 keys and 9 values 
20:40:22:011  INFO 39076 --- [main] org.reflections.Reflections              : Reflections took 3 ms to scan 1 urls, producing 3 keys and 10 values 
20:40:22:012  WARN 39076 --- [main] org.reflections.Reflections              : given scan urls are empty. set urls in the configuration
20:40:22:015  INFO 39076 --- [main] org.reflections.Reflections              : Reflections took 3 ms to scan 1 urls, producing 1 keys and 5 values 
20:40:22:020  INFO 39076 --- [main] org.reflections.Reflections              : Reflections took 4 ms to scan 1 urls, producing 1 keys and 7 values 
20:40:22:024  INFO 39076 --- [main] org.reflections.Reflections              : Reflections took 4 ms to scan 1 urls, producing 2 keys and 8 values 
20:40:22:025  WARN 39076 --- [main] org.reflections.Reflections              : given scan urls are empty. set urls in the configuration
20:40:22:025  INFO 39076 --- [main] com.alibaba.nacos.common.remote.client   : [36bac978-61e3-4ccf-bc5a-dd2fa69ced8c] RpcClient init label, labels = {module=naming, source=sdk}
20:40:22:026  INFO 39076 --- [main] com.alibaba.nacos.common.remote.client   : [36bac978-61e3-4ccf-bc5a-dd2fa69ced8c] RpcClient init, ServerListFactory = com.alibaba.nacos.client.naming.core.ServerListManager
20:40:22:026  INFO 39076 --- [main] com.alibaba.nacos.common.remote.client   : [36bac978-61e3-4ccf-bc5a-dd2fa69ced8c] Registry connection listener to current client:com.alibaba.nacos.client.naming.remote.gprc.redo.NamingGrpcRedoService
20:40:22:026  INFO 39076 --- [main] com.alibaba.nacos.common.remote.client   : [36bac978-61e3-4ccf-bc5a-dd2fa69ced8c] Register server push request handler:com.alibaba.nacos.client.naming.remote.gprc.NamingPushRequestHandler
20:40:22:027  INFO 39076 --- [main] com.alibaba.nacos.common.remote.client   : [36bac978-61e3-4ccf-bc5a-dd2fa69ced8c] Try to connect to server on start up, server: {serverIp = '119.91.58.34', server main port = 8848}
20:40:22:780  INFO 39076 --- [main] com.alibaba.nacos.common.remote.client   : [36bac978-61e3-4ccf-bc5a-dd2fa69ced8c] Success to connect to server [119.91.58.34:8848] on start up, connectionId = 1723034422939_210.34.59.68_60856
20:40:22:780  INFO 39076 --- [com.alibaba.nacos.client.remote.worker] com.alibaba.nacos.common.remote.client   : [36bac978-61e3-4ccf-bc5a-dd2fa69ced8c] Notify connected event to listeners.
20:40:22:780  INFO 39076 --- [main] com.alibaba.nacos.common.remote.client   : [36bac978-61e3-4ccf-bc5a-dd2fa69ced8c] Register server push request handler:com.alibaba.nacos.common.remote.client.RpcClient$ConnectResetRequestHandler
20:40:22:781  INFO 39076 --- [main] com.alibaba.nacos.common.remote.client   : [36bac978-61e3-4ccf-bc5a-dd2fa69ced8c] Register server push request handler:com.alibaba.nacos.common.remote.client.RpcClient$$Lambda$937/0x00000008006e7c40
20:40:22:876  INFO 39076 --- [main] o.s.b.w.embedded.tomcat.TomcatWebServer  : Tomcat started on port(s): 8083 (http) with context path ''
20:40:22:950  INFO 39076 --- [main] c.a.c.n.registry.NacosServiceRegistry    : nacos registry, DEFAULT_GROUP item-service 192.168.232.1:8083 register finished
20:40:23:400  INFO 39076 --- [nacos-grpc-client-executor-9] com.alibaba.nacos.common.remote.client   : [36bac978-61e3-4ccf-bc5a-dd2fa69ced8c] Receive server push request, request = NotifySubscriberRequest, requestId = 334
20:40:23:411  INFO 39076 --- [nacos-grpc-client-executor-9] com.alibaba.nacos.common.remote.client   : [36bac978-61e3-4ccf-bc5a-dd2fa69ced8c] Ack server push request, request = NotifySubscriberRequest, requestId = 334
20:40:24:096  INFO 39076 --- [main] o.s.cloud.commons.util.InetUtils         : Cannot determine local hostname
20:40:24:096  INFO 39076 --- [main] d.s.w.p.DocumentationPluginsBootstrapper : Documentation plugins bootstrapped
20:40:24:097  INFO 39076 --- [main] d.s.w.p.DocumentationPluginsBootstrapper : Found 1 custom documentation plugin(s)
20:40:24:109  INFO 39076 --- [main] s.d.s.w.s.ApiListingReferenceScanner     : Scanning for api listing references
20:40:24:177  INFO 39076 --- [main] com.hmall.item.ItemApplication           : Started ItemApplication in 7.105 seconds (JVM running for 7.46)
20:48:11:533  WARN 39076 --- [Thread-4] c.a.nacos.common.notify.NotifyCenter     : [NotifyCenter] Start destroying Publisher
20:48:11:533  WARN 39076 --- [Thread-4] c.a.nacos.common.notify.NotifyCenter     : [NotifyCenter] Destruction of the end
20:48:11:533  WARN 39076 --- [Thread-7] c.a.n.common.http.HttpClientBeanHolder   : [HttpClientBeanHolder] Start destroying common HttpClient
20:48:11:534  WARN 39076 --- [Thread-7] c.a.n.common.http.HttpClientBeanHolder   : [HttpClientBeanHolder] Destruction of the end
20:48:11:749  INFO 39076 --- [SpringApplicationShutdownHook] c.a.c.n.registry.NacosServiceRegistry    : De-registering from Nacos Server now...
20:48:11:797  INFO 39076 --- [SpringApplicationShutdownHook] c.a.c.n.registry.NacosServiceRegistry    : De-registration finished.
20:48:12:132  INFO 39076 --- [SpringApplicationShutdownHook] com.alibaba.nacos.common.remote.client   : Shutdown rpc client, set status to shutdown
20:48:12:132  INFO 39076 --- [SpringApplicationShutdownHook] com.alibaba.nacos.common.remote.client   : Shutdown client event executor java.util.concurrent.ScheduledThreadPoolExecutor@17ccb02f[Running, pool size = 2, active threads = 2, queued tasks = 0, completed tasks = 0]
20:48:12:132  INFO 39076 --- [SpringApplicationShutdownHook] com.alibaba.nacos.common.remote.client   : Close current connection 1723034422939_210.34.59.68_60856
20:48:12:134  INFO 39076 --- [SpringApplicationShutdownHook] c.a.n.c.remote.client.grpc.GrpcClient    : Shutdown grpc executor java.util.concurrent.ThreadPoolExecutor@22d4284b[Running, pool size = 4, active threads = 0, queued tasks = 0, completed tasks = 109]
21:26:01:970  INFO 40600 --- [main] com.hmall.item.ItemApplication           : Starting ItemApplication using Java 11.0.23 on X-PC with PID 40600 (E:\JavaLearn\JavaProjects\hmall\item-service\target\classes started by 29199 in E:\JavaLearn\JavaProjects\hmall)
21:26:01:971 DEBUG 40600 --- [main] com.hmall.item.ItemApplication           : Running with Spring Boot v2.7.12, Spring v5.3.27
21:26:01:971  INFO 40600 --- [main] com.hmall.item.ItemApplication           : The following 1 profile is active: "local"
21:26:02:551  INFO 40600 --- [main] o.s.cloud.context.scope.GenericScope     : BeanFactory id=5db08dbb-5091-3258-a13a-391d84e06a08
21:26:02:717  INFO 40600 --- [main] o.s.b.w.embedded.tomcat.TomcatWebServer  : Tomcat initialized with port(s): 8081 (http)
21:26:02:723  INFO 40600 --- [main] o.apache.catalina.core.StandardService   : Starting service [Tomcat]
21:26:02:723  INFO 40600 --- [main] org.apache.catalina.core.StandardEngine  : Starting Servlet engine: [Apache Tomcat/9.0.75]
21:26:02:788  INFO 40600 --- [main] o.a.c.c.C.[Tomcat].[localhost].[/]       : Initializing Spring embedded WebApplicationContext
21:26:02:788  INFO 40600 --- [main] w.s.c.ServletWebServerApplicationContext : Root WebApplicationContext: initialization completed in 788 ms
21:26:04:945  INFO 40600 --- [main] o.s.cloud.commons.util.InetUtils         : Cannot determine local hostname
21:26:04:969  INFO 40600 --- [main] pertySourcedRequestMappingHandlerMapping : Mapped URL path [/v2/api-docs] onto method [springfox.documentation.swagger2.web.Swagger2ControllerWebMvc#getDocumentation(String, HttpServletRequest)]
21:26:06:208  INFO 40600 --- [main] o.s.cloud.commons.util.InetUtils         : Cannot determine local hostname
21:26:06:331  INFO 40600 --- [main] com.alibaba.nacos.common.remote.client   : [RpcClientFactory] create a new rpc client of f89cdcbd-9376-4bab-a849-5fd18987ca73
21:26:06:353  INFO 40600 --- [main] org.reflections.Reflections              : Reflections took 13 ms to scan 1 urls, producing 3 keys and 6 values 
21:26:06:369  INFO 40600 --- [main] org.reflections.Reflections              : Reflections took 9 ms to scan 1 urls, producing 4 keys and 9 values 
21:26:06:385  INFO 40600 --- [main] org.reflections.Reflections              : Reflections took 15 ms to scan 1 urls, producing 3 keys and 10 values 
21:26:06:387  WARN 40600 --- [main] org.reflections.Reflections              : given scan urls are empty. set urls in the configuration
21:26:06:409  INFO 40600 --- [main] org.reflections.Reflections              : Reflections took 21 ms to scan 1 urls, producing 1 keys and 5 values 
21:26:06:429  INFO 40600 --- [main] org.reflections.Reflections              : Reflections took 18 ms to scan 1 urls, producing 1 keys and 7 values 
21:26:06:445  INFO 40600 --- [main] org.reflections.Reflections              : Reflections took 13 ms to scan 1 urls, producing 2 keys and 8 values 
21:26:06:446  WARN 40600 --- [main] org.reflections.Reflections              : given scan urls are empty. set urls in the configuration
21:26:06:446  INFO 40600 --- [main] com.alibaba.nacos.common.remote.client   : [f89cdcbd-9376-4bab-a849-5fd18987ca73] RpcClient init label, labels = {module=naming, source=sdk}
21:26:06:447  INFO 40600 --- [main] com.alibaba.nacos.common.remote.client   : [f89cdcbd-9376-4bab-a849-5fd18987ca73] RpcClient init, ServerListFactory = com.alibaba.nacos.client.naming.core.ServerListManager
21:26:06:447  INFO 40600 --- [main] com.alibaba.nacos.common.remote.client   : [f89cdcbd-9376-4bab-a849-5fd18987ca73] Registry connection listener to current client:com.alibaba.nacos.client.naming.remote.gprc.redo.NamingGrpcRedoService
21:26:06:447  INFO 40600 --- [main] com.alibaba.nacos.common.remote.client   : [f89cdcbd-9376-4bab-a849-5fd18987ca73] Register server push request handler:com.alibaba.nacos.client.naming.remote.gprc.NamingPushRequestHandler
21:26:06:449  INFO 40600 --- [main] com.alibaba.nacos.common.remote.client   : [f89cdcbd-9376-4bab-a849-5fd18987ca73] Try to connect to server on start up, server: {serverIp = '119.91.58.34', server main port = 8848}
21:26:07:415  INFO 40600 --- [main] com.alibaba.nacos.common.remote.client   : [f89cdcbd-9376-4bab-a849-5fd18987ca73] Success to connect to server [119.91.58.34:8848] on start up, connectionId = 1723037167592_210.34.59.68_54113
21:26:07:417  INFO 40600 --- [main] com.alibaba.nacos.common.remote.client   : [f89cdcbd-9376-4bab-a849-5fd18987ca73] Register server push request handler:com.alibaba.nacos.common.remote.client.RpcClient$ConnectResetRequestHandler
21:26:07:417  INFO 40600 --- [com.alibaba.nacos.client.remote.worker] com.alibaba.nacos.common.remote.client   : [f89cdcbd-9376-4bab-a849-5fd18987ca73] Notify connected event to listeners.
21:26:07:418  INFO 40600 --- [main] com.alibaba.nacos.common.remote.client   : [f89cdcbd-9376-4bab-a849-5fd18987ca73] Register server push request handler:com.alibaba.nacos.common.remote.client.RpcClient$$Lambda$937/0x00000008006e7c40
21:26:07:504  INFO 40600 --- [main] o.s.b.w.embedded.tomcat.TomcatWebServer  : Tomcat started on port(s): 8081 (http) with context path ''
21:26:07:563  INFO 40600 --- [main] c.a.c.n.registry.NacosServiceRegistry    : nacos registry, DEFAULT_GROUP item-service 192.168.232.1:8081 register finished
21:26:07:985  INFO 40600 --- [nacos-grpc-client-executor-9] com.alibaba.nacos.common.remote.client   : [f89cdcbd-9376-4bab-a849-5fd18987ca73] Receive server push request, request = NotifySubscriberRequest, requestId = 348
21:26:07:994  INFO 40600 --- [nacos-grpc-client-executor-9] com.alibaba.nacos.common.remote.client   : [f89cdcbd-9376-4bab-a849-5fd18987ca73] Ack server push request, request = NotifySubscriberRequest, requestId = 348
21:26:08:698  INFO 40600 --- [main] o.s.cloud.commons.util.InetUtils         : Cannot determine local hostname
21:26:08:698  INFO 40600 --- [main] d.s.w.p.DocumentationPluginsBootstrapper : Documentation plugins bootstrapped
21:26:08:699  INFO 40600 --- [main] d.s.w.p.DocumentationPluginsBootstrapper : Found 1 custom documentation plugin(s)
21:26:08:711  INFO 40600 --- [main] s.d.s.w.s.ApiListingReferenceScanner     : Scanning for api listing references
21:26:08:774  INFO 40600 --- [main] com.hmall.item.ItemApplication           : Started ItemApplication in 8.298 seconds (JVM running for 8.755)
21:26:12:266  INFO 8944 --- [main] com.hmall.item.ItemApplication           : Starting ItemApplication using Java 11.0.23 on X-PC with PID 8944 (E:\JavaLearn\JavaProjects\hmall\item-service\target\classes started by 29199 in E:\JavaLearn\JavaProjects\hmall)
21:26:12:268 DEBUG 8944 --- [main] com.hmall.item.ItemApplication           : Running with Spring Boot v2.7.12, Spring v5.3.27
21:26:12:268  INFO 8944 --- [main] com.hmall.item.ItemApplication           : The following 1 profile is active: "local"
21:26:12:838  INFO 8944 --- [main] o.s.cloud.context.scope.GenericScope     : BeanFactory id=5db08dbb-5091-3258-a13a-391d84e06a08
21:26:12:995  INFO 8944 --- [main] o.s.b.w.embedded.tomcat.TomcatWebServer  : Tomcat initialized with port(s): 8083 (http)
21:26:12:999  INFO 8944 --- [main] o.apache.catalina.core.StandardService   : Starting service [Tomcat]
21:26:12:999  INFO 8944 --- [main] org.apache.catalina.core.StandardEngine  : Starting Servlet engine: [Apache Tomcat/9.0.75]
21:26:13:063  INFO 8944 --- [main] o.a.c.c.C.[Tomcat].[localhost].[/]       : Initializing Spring embedded WebApplicationContext
21:26:13:063  INFO 8944 --- [main] w.s.c.ServletWebServerApplicationContext : Root WebApplicationContext: initialization completed in 779 ms
21:26:14:996  INFO 8944 --- [main] o.s.cloud.commons.util.InetUtils         : Cannot determine local hostname
21:26:15:024  INFO 8944 --- [main] pertySourcedRequestMappingHandlerMapping : Mapped URL path [/v2/api-docs] onto method [springfox.documentation.swagger2.web.Swagger2ControllerWebMvc#getDocumentation(String, HttpServletRequest)]
21:26:16:186  INFO 8944 --- [main] o.s.cloud.commons.util.InetUtils         : Cannot determine local hostname
21:26:16:318  INFO 8944 --- [main] com.alibaba.nacos.common.remote.client   : [RpcClientFactory] create a new rpc client of fba88b16-3d61-4649-95e6-99cbbb66307b
21:26:16:358  INFO 8944 --- [main] org.reflections.Reflections              : Reflections took 24 ms to scan 1 urls, producing 3 keys and 6 values 
21:26:16:384  INFO 8944 --- [main] org.reflections.Reflections              : Reflections took 14 ms to scan 1 urls, producing 4 keys and 9 values 
21:26:16:399  INFO 8944 --- [main] org.reflections.Reflections              : Reflections took 13 ms to scan 1 urls, producing 3 keys and 10 values 
21:26:16:401  WARN 8944 --- [main] org.reflections.Reflections              : given scan urls are empty. set urls in the configuration
21:26:16:414  INFO 8944 --- [main] org.reflections.Reflections              : Reflections took 12 ms to scan 1 urls, producing 1 keys and 5 values 
21:26:16:429  INFO 8944 --- [main] org.reflections.Reflections              : Reflections took 13 ms to scan 1 urls, producing 1 keys and 7 values 
21:26:16:443  INFO 8944 --- [main] org.reflections.Reflections              : Reflections took 12 ms to scan 1 urls, producing 2 keys and 8 values 
21:26:16:444  WARN 8944 --- [main] org.reflections.Reflections              : given scan urls are empty. set urls in the configuration
21:26:16:445  INFO 8944 --- [main] com.alibaba.nacos.common.remote.client   : [fba88b16-3d61-4649-95e6-99cbbb66307b] RpcClient init label, labels = {module=naming, source=sdk}
21:26:16:446  INFO 8944 --- [main] com.alibaba.nacos.common.remote.client   : [fba88b16-3d61-4649-95e6-99cbbb66307b] RpcClient init, ServerListFactory = com.alibaba.nacos.client.naming.core.ServerListManager
21:26:16:447  INFO 8944 --- [main] com.alibaba.nacos.common.remote.client   : [fba88b16-3d61-4649-95e6-99cbbb66307b] Registry connection listener to current client:com.alibaba.nacos.client.naming.remote.gprc.redo.NamingGrpcRedoService
21:26:16:447  INFO 8944 --- [main] com.alibaba.nacos.common.remote.client   : [fba88b16-3d61-4649-95e6-99cbbb66307b] Register server push request handler:com.alibaba.nacos.client.naming.remote.gprc.NamingPushRequestHandler
21:26:16:449  INFO 8944 --- [main] com.alibaba.nacos.common.remote.client   : [fba88b16-3d61-4649-95e6-99cbbb66307b] Try to connect to server on start up, server: {serverIp = '119.91.58.34', server main port = 8848}
21:26:17:312  INFO 8944 --- [main] com.alibaba.nacos.common.remote.client   : [fba88b16-3d61-4649-95e6-99cbbb66307b] Success to connect to server [119.91.58.34:8848] on start up, connectionId = 1723037177492_210.34.59.68_54536
21:26:17:314  INFO 8944 --- [main] com.alibaba.nacos.common.remote.client   : [fba88b16-3d61-4649-95e6-99cbbb66307b] Register server push request handler:com.alibaba.nacos.common.remote.client.RpcClient$ConnectResetRequestHandler
21:26:17:313  INFO 8944 --- [com.alibaba.nacos.client.remote.worker] com.alibaba.nacos.common.remote.client   : [fba88b16-3d61-4649-95e6-99cbbb66307b] Notify connected event to listeners.
21:26:17:315  INFO 8944 --- [main] com.alibaba.nacos.common.remote.client   : [fba88b16-3d61-4649-95e6-99cbbb66307b] Register server push request handler:com.alibaba.nacos.common.remote.client.RpcClient$$Lambda$937/0x00000008006e7c40
21:26:17:409  INFO 8944 --- [main] o.s.b.w.embedded.tomcat.TomcatWebServer  : Tomcat started on port(s): 8083 (http) with context path ''
21:26:17:463  INFO 8944 --- [main] c.a.c.n.registry.NacosServiceRegistry    : nacos registry, DEFAULT_GROUP item-service 192.168.232.1:8083 register finished
21:26:17:894  INFO 40600 --- [nacos-grpc-client-executor-12] com.alibaba.nacos.common.remote.client   : [f89cdcbd-9376-4bab-a849-5fd18987ca73] Receive server push request, request = NotifySubscriberRequest, requestId = 351
21:26:17:898  INFO 40600 --- [nacos-grpc-client-executor-12] com.alibaba.nacos.common.remote.client   : [f89cdcbd-9376-4bab-a849-5fd18987ca73] Ack server push request, request = NotifySubscriberRequest, requestId = 351
21:26:17:964  INFO 8944 --- [nacos-grpc-client-executor-8] com.alibaba.nacos.common.remote.client   : [fba88b16-3d61-4649-95e6-99cbbb66307b] Receive server push request, request = NotifySubscriberRequest, requestId = 352
21:26:17:969  INFO 8944 --- [nacos-grpc-client-executor-8] com.alibaba.nacos.common.remote.client   : [fba88b16-3d61-4649-95e6-99cbbb66307b] Ack server push request, request = NotifySubscriberRequest, requestId = 352
21:26:18:593  INFO 8944 --- [main] o.s.cloud.commons.util.InetUtils         : Cannot determine local hostname
21:26:18:593  INFO 8944 --- [main] d.s.w.p.DocumentationPluginsBootstrapper : Documentation plugins bootstrapped
21:26:18:595  INFO 8944 --- [main] d.s.w.p.DocumentationPluginsBootstrapper : Found 1 custom documentation plugin(s)
21:26:18:610  INFO 8944 --- [main] s.d.s.w.s.ApiListingReferenceScanner     : Scanning for api listing references
21:26:18:689  INFO 8944 --- [main] com.hmall.item.ItemApplication           : Started ItemApplication in 7.854 seconds (JVM running for 8.33)
21:26:43:805  INFO 40600 --- [http-nio-8081-exec-2] o.a.c.c.C.[Tomcat].[localhost].[/]       : Initializing Spring DispatcherServlet 'dispatcherServlet'
21:26:43:805  INFO 40600 --- [http-nio-8081-exec-2] o.s.web.servlet.DispatcherServlet        : Initializing Servlet 'dispatcherServlet'
21:26:43:805  INFO 40600 --- [http-nio-8081-exec-2] o.s.web.servlet.DispatcherServlet        : Completed initialization in 0 ms
21:26:43:896  INFO 40600 --- [http-nio-8081-exec-2] com.zaxxer.hikari.HikariDataSource       : HikariPool-1 - Starting...
21:26:50:860  INFO 40600 --- [http-nio-8081-exec-2] com.zaxxer.hikari.HikariDataSource       : HikariPool-1 - Start completed.
21:26:50:868 DEBUG 40600 --- [http-nio-8081-exec-2] c.h.i.m.ItemMapper.selectPage_mpCount    : ==>  Preparing: SELECT COUNT(*) FROM item WHERE (status = ?)
21:26:50:877 DEBUG 40600 --- [http-nio-8081-exec-2] c.h.i.m.ItemMapper.selectPage_mpCount    : ==> Parameters: 1(Integer)
21:26:51:011 DEBUG 40600 --- [http-nio-8081-exec-2] c.h.i.m.ItemMapper.selectPage_mpCount    : <==      Total: 1
21:26:51:018 DEBUG 40600 --- [http-nio-8081-exec-2] c.h.item.mapper.ItemMapper.selectPage    : ==>  Preparing: SELECT id, name, price, stock, image, category, brand, spec, sold, comment_count, isAD, status, create_time, update_time, creater, updater FROM item WHERE (status = ?) ORDER BY update_time DESC LIMIT ?
21:26:51:018 DEBUG 40600 --- [http-nio-8081-exec-2] c.h.item.mapper.ItemMapper.selectPage    : ==> Parameters: 1(Integer), 20(Long)
21:26:51:084 DEBUG 40600 --- [http-nio-8081-exec-2] c.h.item.mapper.ItemMapper.selectPage    : <==      Total: 20
21:27:20:446  INFO 8944 --- [http-nio-8083-exec-1] o.a.c.c.C.[Tomcat].[localhost].[/]       : Initializing Spring DispatcherServlet 'dispatcherServlet'
21:27:20:446  INFO 8944 --- [http-nio-8083-exec-1] o.s.web.servlet.DispatcherServlet        : Initializing Servlet 'dispatcherServlet'
21:27:20:452  INFO 8944 --- [http-nio-8083-exec-1] o.s.web.servlet.DispatcherServlet        : Completed initialization in 6 ms
21:27:20:569  INFO 8944 --- [http-nio-8083-exec-1] com.zaxxer.hikari.HikariDataSource       : HikariPool-1 - Starting...
21:27:21:408  INFO 8944 --- [http-nio-8083-exec-1] com.zaxxer.hikari.HikariDataSource       : HikariPool-1 - Start completed.
21:27:21:412 DEBUG 8944 --- [http-nio-8083-exec-1] c.h.i.m.ItemMapper.selectPage_mpCount    : ==>  Preparing: SELECT COUNT(*) FROM item WHERE (status = ?)
21:27:21:422 DEBUG 8944 --- [http-nio-8083-exec-1] c.h.i.m.ItemMapper.selectPage_mpCount    : ==> Parameters: 1(Integer)
21:27:21:493 DEBUG 8944 --- [http-nio-8083-exec-1] c.h.i.m.ItemMapper.selectPage_mpCount    : <==      Total: 1
21:27:21:503 DEBUG 8944 --- [http-nio-8083-exec-1] c.h.item.mapper.ItemMapper.selectPage    : ==>  Preparing: SELECT id, name, price, stock, image, category, brand, spec, sold, comment_count, isAD, status, create_time, update_time, creater, updater FROM item WHERE (status = ?) ORDER BY update_time DESC LIMIT ?
21:27:21:503 DEBUG 8944 --- [http-nio-8083-exec-1] c.h.item.mapper.ItemMapper.selectPage    : ==> Parameters: 1(Integer), 20(Long)
21:27:21:556 DEBUG 8944 --- [http-nio-8083-exec-1] c.h.item.mapper.ItemMapper.selectPage    : <==      Total: 20
21:27:43:761 DEBUG 40600 --- [http-nio-8081-exec-3] c.h.i.m.ItemMapper.selectPage_mpCount    : ==>  Preparing: SELECT COUNT(*) FROM item
21:27:43:761 DEBUG 40600 --- [http-nio-8081-exec-3] c.h.i.m.ItemMapper.selectPage_mpCount    : ==> Parameters: 
21:27:43:907 DEBUG 40600 --- [http-nio-8081-exec-3] c.h.i.m.ItemMapper.selectPage_mpCount    : <==      Total: 1
21:27:43:913 DEBUG 40600 --- [http-nio-8081-exec-3] c.h.item.mapper.ItemMapper.selectPage    : ==>  Preparing: SELECT id, name, price, stock, image, category, brand, spec, sold, comment_count, isAD, status, create_time, update_time, creater, updater FROM item ORDER BY update_time DESC LIMIT ?
21:27:43:913 DEBUG 40600 --- [http-nio-8081-exec-3] c.h.item.mapper.ItemMapper.selectPage    : ==> Parameters: 20(Long)
21:27:43:962 DEBUG 40600 --- [http-nio-8081-exec-3] c.h.item.mapper.ItemMapper.selectPage    : <==      Total: 20
21:28:08:133  WARN 8944 --- [Thread-7] c.a.n.common.http.HttpClientBeanHolder   : [HttpClientBeanHolder] Start destroying common HttpClient
21:28:08:133  WARN 8944 --- [Thread-4] c.a.nacos.common.notify.NotifyCenter     : [NotifyCenter] Start destroying Publisher
21:28:08:133  WARN 8944 --- [Thread-4] c.a.nacos.common.notify.NotifyCenter     : [NotifyCenter] Destruction of the end
21:28:08:134  WARN 8944 --- [Thread-7] c.a.n.common.http.HttpClientBeanHolder   : [HttpClientBeanHolder] Destruction of the end
21:28:08:162  WARN 40600 --- [Thread-7] c.a.n.common.http.HttpClientBeanHolder   : [HttpClientBeanHolder] Start destroying common HttpClient
21:28:08:162  WARN 40600 --- [Thread-4] c.a.nacos.common.notify.NotifyCenter     : [NotifyCenter] Start destroying Publisher
21:28:08:162  WARN 40600 --- [Thread-4] c.a.nacos.common.notify.NotifyCenter     : [NotifyCenter] Destruction of the end
21:28:08:162  WARN 40600 --- [Thread-7] c.a.n.common.http.HttpClientBeanHolder   : [HttpClientBeanHolder] Destruction of the end
21:28:08:448  INFO 8944 --- [SpringApplicationShutdownHook] c.a.c.n.registry.NacosServiceRegistry    : De-registering from Nacos Server now...
21:28:08:504  INFO 8944 --- [SpringApplicationShutdownHook] c.a.c.n.registry.NacosServiceRegistry    : De-registration finished.
21:28:08:508  INFO 40600 --- [SpringApplicationShutdownHook] c.a.c.n.registry.NacosServiceRegistry    : De-registering from Nacos Server now...
21:28:08:556  INFO 40600 --- [SpringApplicationShutdownHook] c.a.c.n.registry.NacosServiceRegistry    : De-registration finished.
21:28:08:558  INFO 40600 --- [SpringApplicationShutdownHook] com.alibaba.nacos.common.remote.client   : Shutdown rpc client, set status to shutdown
21:28:08:558  INFO 40600 --- [SpringApplicationShutdownHook] com.alibaba.nacos.common.remote.client   : Shutdown client event executor java.util.concurrent.ScheduledThreadPoolExecutor@5e2a15d8[Running, pool size = 2, active threads = 2, queued tasks = 0, completed tasks = 0]
21:28:08:558  INFO 40600 --- [SpringApplicationShutdownHook] com.alibaba.nacos.common.remote.client   : Close current connection 1723037167592_210.34.59.68_54113
21:28:08:560  INFO 40600 --- [SpringApplicationShutdownHook] c.a.n.c.remote.client.grpc.GrpcClient    : Shutdown grpc executor java.util.concurrent.ThreadPoolExecutor@3dbe118b[Running, pool size = 4, active threads = 0, queued tasks = 0, completed tasks = 40]
21:28:08:563  INFO 40600 --- [SpringApplicationShutdownHook] com.zaxxer.hikari.HikariDataSource       : HikariPool-1 - Shutdown initiated...
21:28:08:831  INFO 8944 --- [SpringApplicationShutdownHook] com.alibaba.nacos.common.remote.client   : Shutdown rpc client, set status to shutdown
21:28:08:831  INFO 8944 --- [SpringApplicationShutdownHook] com.alibaba.nacos.common.remote.client   : Shutdown client event executor java.util.concurrent.ScheduledThreadPoolExecutor@40124bf6[Running, pool size = 2, active threads = 2, queued tasks = 0, completed tasks = 0]
21:28:08:831  INFO 8944 --- [SpringApplicationShutdownHook] com.alibaba.nacos.common.remote.client   : Close current connection 1723037177492_210.34.59.68_54536
21:28:08:833  INFO 8944 --- [SpringApplicationShutdownHook] c.a.n.c.remote.client.grpc.GrpcClient    : Shutdown grpc executor java.util.concurrent.ThreadPoolExecutor@371e143[Running, pool size = 4, active threads = 0, queued tasks = 0, completed tasks = 37]
21:28:08:835  INFO 8944 --- [SpringApplicationShutdownHook] com.zaxxer.hikari.HikariDataSource       : HikariPool-1 - Shutdown initiated...
21:28:18:568  INFO 40600 --- [SpringApplicationShutdownHook] com.zaxxer.hikari.HikariDataSource       : HikariPool-1 - Shutdown completed.
21:28:18:848  INFO 8944 --- [SpringApplicationShutdownHook] com.zaxxer.hikari.HikariDataSource       : HikariPool-1 - Shutdown completed.
